#
# There is insufficient memory for the Java Runtime Environment to continue.
# Native memory allocation (mmap) failed to map 65536 bytes for Failed to commit metaspace.
# Possible reasons:
#   The system is out of physical RAM or swap space
#   The process is running with CompressedOops enabled, and the Java Heap may be blocking the growth of the native heap
# Possible solutions:
#   Reduce memory load on the system
#   Increase physical memory or swap space
#   Check if swap backing store is full
#   Decrease Java heap size (-Xmx/-Xms)
#   Decrease number of Java threads
#   Decrease Java thread stack sizes (-Xss)
#   Set larger code cache with -XX:ReservedCodeCacheSize=
#   JVM is running with Zero Based Compressed Oops mode in which the Java heap is
#     placed in the first 32GB address space. The Java Heap base address is the
#     maximum limit for the native heap growth. Please use -XX:HeapBaseMinAddress
#     to set the Java Heap base and to place the Java Heap above 32GB virtual address.
# This output file may be truncated or incomplete.
#
#  Out of Memory Error (virtualSpaceNode.cpp:112), pid=11960, tid=20564
#
# JRE version: Java(TM) SE Runtime Environment (21.0.1+12) (build 21.0.1+12-LTS-29)
# Java VM: Java HotSpot(TM) 64-Bit Server VM (21.0.1+12-LTS-29, mixed mode, sharing, tiered, compressed oops, compressed class ptrs, g1 gc, windows-amd64)
# No core dump will be written. Minidumps are not enabled by default on client versions of Windows
#

---------------  S U M M A R Y ------------

Command Line: -ea -Dfile.encoding=UTF-8 -Dstdout.encoding=UTF-8 -Dstderr.encoding=UTF-8 -XX:+ShowCodeDetailsInExceptionMessages org.testng.remote.RemoteTestNG -serport 54824 -protocol json -d C:\Users\meghana.pemma\Downloads\EsignTest\EsignTest\test-output C:\Users\MEGHAN~1.PEM\AppData\Local\Temp\testng-eclipse-1015827993\testng-customsuite.xml

Host: 13th Gen Intel(R) Core(TM) i7-1355U, 12 cores, 31G,  Windows 11 , 64 bit Build 22621 (10.0.22621.2361)
Time: Thu May  9 11:57:47 2024 India Standard Time elapsed time: 2.054045 seconds (0d 0h 0m 2s)

---------------  T H R E A D  ---------------

Current thread (0x000001a380780760):  JavaThread "JdkHttpClient-0-1" daemon [_thread_in_vm, id=20564, stack(0x000000a145800000,0x000000a145900000) (1024K)]

Stack: [0x000000a145800000,0x000000a145900000]
Native frames: (J=compiled Java code, j=interpreted, Vv=VM code, C=native code)
V  [jvm.dll+0x6c9029]
V  [jvm.dll+0x854b81]
V  [jvm.dll+0x856e5e]
V  [jvm.dll+0x857543]
V  [jvm.dll+0x280c06]
V  [jvm.dll+0x8508ae]
V  [jvm.dll+0x66ca45]
V  [jvm.dll+0x1e677c]
V  [jvm.dll+0x1e654e]
V  [jvm.dll+0x66f35c]
V  [jvm.dll+0x66f172]
V  [jvm.dll+0x66d41e]
V  [jvm.dll+0x27db26]
V  [jvm.dll+0x71e545]
V  [jvm.dll+0x71f08f]
V  [jvm.dll+0x3c297f]
V  [jvm.dll+0x3c1a27]
V  [jvm.dll+0x3c19c8]
V  [jvm.dll+0x5d34b9]
V  [jvm.dll+0x5d23bc]
V  [jvm.dll+0x3d7360]
V  [jvm.dll+0x3d69dd]
C  0x000001a3a53f9735

The last pc belongs to invokestatic (printed below).
Java frames: (J=compiled Java code, j=interpreted, Vv=VM code)
j  java.net.http.HttpResponse$BodyHandlers.lambda$ofByteArray$12(Ljava/net/http/HttpResponse$ResponseInfo;)Ljava/net/http/HttpResponse$BodySubscriber;+0 java.net.http@21.0.1
j  java.net.http.HttpResponse$BodyHandlers$$Lambda+0x000001a3bb189e70.apply(Ljava/net/http/HttpResponse$ResponseInfo;)Ljava/net/http/HttpResponse$BodySubscriber;+1 java.net.http@21.0.1
j  jdk.internal.net.http.Http1Exchange.createResponseSubscriber(Ljava/net/http/HttpResponse$BodyHandler;Ljava/net/http/HttpResponse$ResponseInfo;)Ljdk/internal/net/http/Http1Exchange$Http1ResponseBodySubscriber;+2 java.net.http@21.0.1
j  jdk.internal.net.http.Http1Exchange.readBodyAsync(Ljava/net/http/HttpResponse$BodyHandler;ZLjava/util/concurrent/Executor;)Ljava/util/concurrent/CompletableFuture;+30 java.net.http@21.0.1
j  jdk.internal.net.http.Exchange.readBodyAsync(Ljava/net/http/HttpResponse$BodyHandler;)Ljava/util/concurrent/CompletableFuture;+36 java.net.http@21.0.1
j  jdk.internal.net.http.MultiExchange.lambda$responseAsync0$4(Ljdk/internal/net/http/Response;)Ljava/util/concurrent/CompletionStage;+53 java.net.http@21.0.1
j  jdk.internal.net.http.MultiExchange$$Lambda+0x000001a3bb1a1a30.apply(Ljava/lang/Object;)Ljava/lang/Object;+8 java.net.http@21.0.1
j  java.util.concurrent.CompletableFuture$UniCompose.tryFire(I)Ljava/util/concurrent/CompletableFuture;+105 java.base@21.0.1
j  java.util.concurrent.CompletableFuture.postComplete()V+76 java.base@21.0.1
j  java.util.concurrent.CompletableFuture.postFire(Ljava/util/concurrent/CompletableFuture;I)Ljava/util/concurrent/CompletableFuture;+64 java.base@21.0.1
j  java.util.concurrent.CompletableFuture$UniApply.tryFire(I)Ljava/util/concurrent/CompletableFuture;+145 java.base@21.0.1
j  java.util.concurrent.CompletableFuture$Completion.run()V+2 java.base@21.0.1
j  jdk.internal.net.http.HttpClientImpl$DelegatingExecutor.execute(Ljava/lang/Runnable;)V+21 java.net.http@21.0.1
j  java.util.concurrent.CompletableFuture$UniCompletion.claim()Z+27 java.base@21.0.1
j  java.util.concurrent.CompletableFuture$UniApply.tryFire(I)Ljava/util/concurrent/CompletableFuture;+89 java.base@21.0.1
j  java.util.concurrent.CompletableFuture.postComplete()V+76 java.base@21.0.1
j  java.util.concurrent.CompletableFuture.complete(Ljava/lang/Object;)Z+7 java.base@21.0.1
j  jdk.internal.net.http.Http1Response$HeadersReader.handle(Ljava/nio/ByteBuffer;Ljdk/internal/net/http/Http1HeaderParser;Ljava/util/concurrent/CompletableFuture;)V+168 java.net.http@21.0.1
j  jdk.internal.net.http.Http1Response$HeadersReader.handle(Ljava/nio/ByteBuffer;Ljava/lang/Object;Ljava/util/concurrent/CompletableFuture;)V+7 java.net.http@21.0.1
j  jdk.internal.net.http.Http1Response$Receiver.accept(Ljava/nio/ByteBuffer;Ljava/lang/Object;Ljava/util/concurrent/CompletableFuture;)Z+21 java.net.http@21.0.1
j  jdk.internal.net.http.Http1Response$HeadersReader.tryAsyncReceive(Ljava/nio/ByteBuffer;)Z+39 java.net.http@21.0.1
j  jdk.internal.net.http.Http1AsyncReceiver.flush()V+198 java.net.http@21.0.1
j  jdk.internal.net.http.Http1AsyncReceiver$$Lambda+0x000001a3bb1b76f0.run()V+4 java.net.http@21.0.1
j  jdk.internal.net.http.common.SequentialScheduler$LockingRestartableTask.run()V+34 java.net.http@21.0.1
j  jdk.internal.net.http.common.SequentialScheduler$CompleteRestartableTask.run(Ljdk/internal/net/http/common/SequentialScheduler$DeferredCompleter;)V+1 java.net.http@21.0.1
j  jdk.internal.net.http.common.SequentialScheduler$SchedulableTask.run()V+14 java.net.http@21.0.1
j  java.util.concurrent.ThreadPoolExecutor.runWorker(Ljava/util/concurrent/ThreadPoolExecutor$Worker;)V+92 java.base@21.0.1
j  java.util.concurrent.ThreadPoolExecutor$Worker.run()V+5 java.base@21.0.1
j  java.lang.Thread.runWith(Ljava/lang/Object;Ljava/lang/Runnable;)V+5 java.base@21.0.1
j  java.lang.Thread.run()V+19 java.base@21.0.1
v  ~StubRoutines::call_stub 0x000001a3a53e100d
invokestatic  184 invokestatic  [0x000001a3a53f9680, 0x000001a3a53f9928]  680 bytes
[MachCode]
  0x000001a3a53f9680: 4883 ec08 | c5fa 1104 | 24eb 1f48 | 83ec 10c5 | fb11 0424 | eb14 4883 | ec10 4889 | 0424 48c7 
  0x000001a3a53f96a0: 4424 0800 | 0000 00eb | 0150 4c89 | 6dc0 410f | b755 0148 | 8b4d d0c1 | e202 8b5c | d138 c1eb 
  0x000001a3a53f96c0: 1081 e3ff | 0000 0081 | fbb8 0000 | 000f 84b4 | 0000 00bb | b800 0000 | e805 0000 | 00e9 9900 
  0x000001a3a53f96e0: 0000 488b | d348 8d44 | 2408 4c89 | 6dc0 498b | cfc5 f877 | 4989 afa8 | 0300 0049 | 8987 9803 
  0x000001a3a53f9700: 0000 4883 | ec20 40f6 | c40f 0f84 | 1900 0000 | 4883 ec08 | 48b8 7069 | 677a fa7f | 0000 ffd0 
  0x000001a3a53f9720: 4883 c408 | e90c 0000 | 0048 b870 | 6967 7afa | 7f00 00ff | d048 83c4 | 2049 c787 | 9803 0000 
  0x000001a3a53f9740: 0000 0000 | 49c7 87a8 | 0300 0000 | 0000 0049 | c787 a003 | 0000 0000 | 0000 c5f8 | 7749 837f 
  0x000001a3a53f9760: 0800 0f84 | 0500 0000 | e993 77fe | ff4c 8b6d | c04c 8b75 | c84e 8d74 | f500 c341 | 0fb7 5501 
  0x000001a3a53f9780: 488b 4dd0 | c1e2 0248 | 8b5c d140 | 488b 5b08 | 488b 5b08 | 488b 5b18 | 80bb 2001 | 0000 050f 
  0x000001a3a53f97a0: 840d 0000 | 004c 3bbb | 3001 0000 | 0f85 21ff | ffff 488b | 5cd1 408b | 54d1 50c1 | ea1c 49ba 
  0x000001a3a53f97c0: 909e ee7a | fa7f 0000 | 498b 14d2 | 5248 8b45 | d848 85c0 | 0f84 1200 | 0000 4883 | 4008 0148 
  0x000001a3a53f97e0: 8358 0800 | 4883 c010 | 4889 45d8 | 488b 45d8 | 4885 c00f | 8423 0100 | 0080 78f0 | 0a0f 8519 
  0x000001a3a53f9800: 0100 0048 | 83c0 084c | 8b68 f841 | 83ed 0041 | 83fd 020f | 8cf8 0000 | 004c 8b6b | 0845 0fb7 
  0x000001a3a53f9820: 6d2e 4c2b | 2841 83ed | 014e 8b6c | ec08 4d85 | ed75 0748 | 8348 0801 | eb4a 458b | 6d08 49ba 
  0x000001a3a53f9840: 0000 00ba | a301 0000 | 4d03 ea4c | 3368 0849 | f7c5 fcff | ffff 742c | 41f6 c502 | 7526 4883 
  0x000001a3a53f9860: 7808 0074 | 1b48 8378 | 0801 7414 | 4c33 6808 | 49f7 c5fc | ffff ff74 | 0b48 8348 | 0802 eb04 
  0x000001a3a53f9880: 4c89 6808 | 4883 c010 | 4c8b 68e8 | 4183 ed02 | 4183 fd02 | 0f8c 7700 | 0000 4c8b | 6b08 450f 
  0x000001a3a53f98a0: b76d 2e4c | 2b28 4183 | ed01 4e8b | 6cec 084d | 85ed 7507 | 4883 4808 | 01eb 4a45 | 8b6d 0849 
  0x000001a3a53f98c0: ba00 0000 | baa3 0100 | 004d 03ea | 4c33 6808 | 49f7 c5fc | ffff ff74 | 2c41 f6c5 | 0275 2648 
  0x000001a3a53f98e0: 8378 0800 | 741b 4883 | 7808 0174 | 144c 3368 | 0849 f7c5 | fcff ffff | 740b 4883 | 4808 02eb 
  0x000001a3a53f9900: 044c 8968 | 0848 83c0 | 104c 8b68 | d841 83ed | 0441 c1e5 | 0349 03c5 | 4889 45d8 | 4c8d 6c24 
  0x000001a3a53f9920: 084c 896d | f0ff 6350 
[/MachCode]

---------------  P R O C E S S  ---------------

Threads class SMR info:
_java_thread_list=0x000001a3ffc53d80, length=21, elements={
0x000001a39393d790, 0x000001a3b748e000, 0x000001a3ff10a1e0, 0x000001a3ff10c870,
0x000001a3ff1118f0, 0x000001a3ff10f930, 0x000001a3ff110390, 0x000001a3ff11f750,
0x000001a3ff144b60, 0x000001a3ff36f960, 0x000001a3ff357220, 0x000001a3ffb0a690,
0x000001a380889da0, 0x000001a380661040, 0x000001a38082a520, 0x000001a38082ab90,
0x000001a38064a020, 0x000001a38075ac90, 0x000001a38077e690, 0x000001a38077ed20,
0x000001a380780760
}

Java Threads: ( => current thread )
  0x000001a39393d790 JavaThread "Forwarding newSession on session null to remote"        [_thread_blocked, id=25076, stack(0x000000a143200000,0x000000a143300000) (1024K)]
  0x000001a3b748e000 JavaThread "Reference Handler"          daemon [_thread_blocked, id=14776, stack(0x000000a143a00000,0x000000a143b00000) (1024K)]
  0x000001a3ff10a1e0 JavaThread "Finalizer"                  daemon [_thread_blocked, id=2848, stack(0x000000a143b00000,0x000000a143c00000) (1024K)]
  0x000001a3ff10c870 JavaThread "Signal Dispatcher"          daemon [_thread_blocked, id=32468, stack(0x000000a143c00000,0x000000a143d00000) (1024K)]
  0x000001a3ff1118f0 JavaThread "Attach Listener"            daemon [_thread_blocked, id=21352, stack(0x000000a143d00000,0x000000a143e00000) (1024K)]
  0x000001a3ff10f930 JavaThread "Service Thread"             daemon [_thread_blocked, id=30148, stack(0x000000a143e00000,0x000000a143f00000) (1024K)]
  0x000001a3ff110390 JavaThread "Monitor Deflation Thread"   daemon [_thread_blocked, id=20032, stack(0x000000a143f00000,0x000000a144000000) (1024K)]
  0x000001a3ff11f750 JavaThread "C2 CompilerThread0"         daemon [_thread_blocked, id=7484, stack(0x000000a144000000,0x000000a144100000) (1024K)]
  0x000001a3ff144b60 JavaThread "C1 CompilerThread0"         daemon [_thread_blocked, id=9200, stack(0x000000a144100000,0x000000a144200000) (1024K)]
  0x000001a3ff36f960 JavaThread "Notification Thread"        daemon [_thread_blocked, id=22892, stack(0x000000a144200000,0x000000a144300000) (1024K)]
  0x000001a3ff357220 JavaThread "Common-Cleaner"             daemon [_thread_blocked, id=7192, stack(0x000000a144300000,0x000000a144400000) (1024K)]
  0x000001a3ffb0a690 JavaThread "ReaderThread"                      [_thread_in_native, id=23832, stack(0x000000a144600000,0x000000a144700000) (1024K)]
  0x000001a380889da0 JavaThread "ForkJoinPool.commonPool-worker-1" daemon [_thread_blocked, id=23764, stack(0x000000a145000000,0x000000a145100000) (1024K)]
  0x000001a380661040 JavaThread "HttpClient-1-SelectorManager" daemon [_thread_in_native, id=13600, stack(0x000000a145100000,0x000000a145200000) (1024K)]
  0x000001a38082a520 JavaThread "External Process Output Forwarder - C:\Users\meghana.pemma\.cache\selenium\chromedriver\win64\124.0.6367.155\chromedriver.exe" daemon [_thread_in_native, id=29608, stack(0x000000a145200000,0x000000a145300000) (1024K)]
  0x000001a38082ab90 JavaThread "Driver Service Executor"    daemon [_thread_blocked, id=21032, stack(0x000000a145300000,0x000000a145400000) (1024K)]
  0x000001a38064a020 JavaThread "Driver Service Executor"    daemon [_thread_in_native, id=9040, stack(0x000000a145400000,0x000000a145500000) (1024K)]
  0x000001a38075ac90 JavaThread "UrlChecker-2"               daemon [_thread_blocked, id=28144, stack(0x000000a145500000,0x000000a145600000) (1024K)]
  0x000001a38077e690 JavaThread "Keep-Alive-Timer"           daemon [_thread_blocked, id=19540, stack(0x000000a145600000,0x000000a145700000) (1024K)]
  0x000001a38077ed20 JavaThread "JdkHttpClient-0-0"          daemon [_thread_blocked, id=28428, stack(0x000000a145700000,0x000000a145800000) (1024K)]
=>0x000001a380780760 JavaThread "JdkHttpClient-0-1"          daemon [_thread_in_vm, id=20564, stack(0x000000a145800000,0x000000a145900000) (1024K)]
Total: 21

Other Threads:
  0x000001a3b7476e80 VMThread "VM Thread"                           [id=28948, stack(0x000000a143900000,0x000000a143a00000) (1024K)]
  0x000001a3b745dfb0 WatcherThread "VM Periodic Task Thread"        [id=26244, stack(0x000000a143800000,0x000000a143900000) (1024K)]
  0x000001a395b0e6e0 WorkerThread "GC Thread#0"                     [id=11232, stack(0x000000a143300000,0x000000a143400000) (1024K)]
  0x000001a3ffc43f60 WorkerThread "GC Thread#1"                     [id=25492, stack(0x000000a144700000,0x000000a144800000) (1024K)]
  0x000001a38050a3e0 WorkerThread "GC Thread#2"                     [id=2288, stack(0x000000a144800000,0x000000a144900000) (1024K)]
  0x000001a38050a780 WorkerThread "GC Thread#3"                     [id=10136, stack(0x000000a144900000,0x000000a144a00000) (1024K)]
  0x000001a3ffc1cf30 WorkerThread "GC Thread#4"                     [id=8508, stack(0x000000a144a00000,0x000000a144b00000) (1024K)]
  0x000001a3ffc1d6e0 WorkerThread "GC Thread#5"                     [id=6740, stack(0x000000a144b00000,0x000000a144c00000) (1024K)]
  0x000001a3ffc1da80 WorkerThread "GC Thread#6"                     [id=28708, stack(0x000000a144c00000,0x000000a144d00000) (1024K)]
  0x000001a3806d77e0 WorkerThread "GC Thread#7"                     [id=29252, stack(0x000000a144d00000,0x000000a144e00000) (1024K)]
  0x000001a3806d8390 WorkerThread "GC Thread#8"                     [id=29544, stack(0x000000a144e00000,0x000000a144f00000) (1024K)]
  0x000001a3806b9a40 WorkerThread "GC Thread#9"                     [id=27936, stack(0x000000a144f00000,0x000000a145000000) (1024K)]
  0x000001a3b72941a0 ConcurrentGCThread "G1 Main Marker"            [id=16896, stack(0x000000a143400000,0x000000a143500000) (1024K)]
  0x000001a395b1bc10 WorkerThread "G1 Conc#0"                       [id=25816, stack(0x000000a143500000,0x000000a143600000) (1024K)]
  0x000001a3b732cf30 ConcurrentGCThread "G1 Refine#0"               [id=25732, stack(0x000000a143600000,0x000000a143700000) (1024K)]
  0x000001a3b732daa0 ConcurrentGCThread "G1 Service"                [id=29660, stack(0x000000a143700000,0x000000a143800000) (1024K)]
Total: 16

Threads with active compile tasks:
Total: 0

VM state: not at safepoint (normal execution)

VM Mutex/Monitor currently owned by a thread:  ([mutex/lock_event])
[0x00007ffa7aed8578] Metaspace_lock - owner thread: 0x000001a380780760

Heap address: 0x0000000604c00000, size: 8116 MB, Compressed Oops mode: Zero based, Oop shift amount: 3

CDS archive(s) mapped at: [0x000001a3ba000000-0x000001a3bac90000-0x000001a3bac90000), size 13172736, SharedBaseAddress: 0x000001a3ba000000, ArchiveRelocationMode: 1.
Compressed class space mapped at: 0x000001a3bb000000-0x000001a3fb000000, reserved size: 1073741824
Narrow klass base: 0x000001a3ba000000, Narrow klass shift: 0, Narrow klass range: 0x100000000

GC Precious Log:
 CardTable entry size: 512
 Card Set container configuration: InlinePtr #cards 4 size 8 Array Of Cards #cards 32 size 80 Howl #buckets 8 coarsen threshold 7372 Howl Bitmap #cards 1024 size 144 coarsen threshold 921 Card regions per heap region 1 cards per card region 8192
 CPUs: 12 total, 12 available
 Memory: 32452M
 Large Page Support: Disabled
 NUMA Support: Disabled
 Compressed Oops: Enabled (Zero based)
 Heap Region Size: 4M
 Heap Min Capacity: 8M
 Heap Initial Capacity: 508M
 Heap Max Capacity: 8116M
 Pre-touch: Disabled
 Parallel Workers: 10
 Concurrent Workers: 3
 Concurrent Refinement Workers: 10
 Periodic GC: Disabled

Heap:
 garbage-first heap   total 520192K, used 14316K [0x0000000604c00000, 0x0000000800000000)
  region size 4096K, 3 young (12288K), 1 survivors (4096K)
 Metaspace       used 15428K, committed 15744K, reserved 1114112K
  class space    used 1818K, committed 1984K, reserved 1048576K

Heap Regions: E=young(eden), S=young(survivor), O=old, HS=humongous(starts), HC=humongous(continues), CS=collection set, F=free, TAMS=top-at-mark-start, PB=parsable bottom
|   0|0x0000000604c00000, 0x0000000605000000, 0x0000000605000000|100%| O|  |TAMS 0x0000000604c00000| PB 0x0000000604c00000| Untracked 
|   1|0x0000000605000000, 0x0000000605322990, 0x0000000605400000| 78%| O|  |TAMS 0x0000000605000000| PB 0x0000000605000000| Untracked 
|   2|0x0000000605400000, 0x0000000605400000, 0x0000000605800000|  0%| F|  |TAMS 0x0000000605400000| PB 0x0000000605400000| Untracked 
|   3|0x0000000605800000, 0x0000000605800000, 0x0000000605c00000|  0%| F|  |TAMS 0x0000000605800000| PB 0x0000000605800000| Untracked 
|   4|0x0000000605c00000, 0x0000000605c00000, 0x0000000606000000|  0%| F|  |TAMS 0x0000000605c00000| PB 0x0000000605c00000| Untracked 
|   5|0x0000000606000000, 0x0000000606000000, 0x0000000606400000|  0%| F|  |TAMS 0x0000000606000000| PB 0x0000000606000000| Untracked 
|   6|0x0000000606400000, 0x0000000606400000, 0x0000000606800000|  0%| F|  |TAMS 0x0000000606400000| PB 0x0000000606400000| Untracked 
|   7|0x0000000606800000, 0x0000000606800000, 0x0000000606c00000|  0%| F|  |TAMS 0x0000000606800000| PB 0x0000000606800000| Untracked 
|   8|0x0000000606c00000, 0x0000000606c00000, 0x0000000607000000|  0%| F|  |TAMS 0x0000000606c00000| PB 0x0000000606c00000| Untracked 
|   9|0x0000000607000000, 0x0000000607000000, 0x0000000607400000|  0%| F|  |TAMS 0x0000000607000000| PB 0x0000000607000000| Untracked 
|  10|0x0000000607400000, 0x0000000607400000, 0x0000000607800000|  0%| F|  |TAMS 0x0000000607400000| PB 0x0000000607400000| Untracked 
|  11|0x0000000607800000, 0x0000000607800000, 0x0000000607c00000|  0%| F|  |TAMS 0x0000000607800000| PB 0x0000000607800000| Untracked 
|  12|0x0000000607c00000, 0x0000000607c00000, 0x0000000608000000|  0%| F|  |TAMS 0x0000000607c00000| PB 0x0000000607c00000| Untracked 
|  13|0x0000000608000000, 0x0000000608000000, 0x0000000608400000|  0%| F|  |TAMS 0x0000000608000000| PB 0x0000000608000000| Untracked 
|  14|0x0000000608400000, 0x0000000608400000, 0x0000000608800000|  0%| F|  |TAMS 0x0000000608400000| PB 0x0000000608400000| Untracked 
|  15|0x0000000608800000, 0x0000000608800000, 0x0000000608c00000|  0%| F|  |TAMS 0x0000000608800000| PB 0x0000000608800000| Untracked 
|  16|0x0000000608c00000, 0x0000000608c00000, 0x0000000609000000|  0%| F|  |TAMS 0x0000000608c00000| PB 0x0000000608c00000| Untracked 
|  17|0x0000000609000000, 0x0000000609000000, 0x0000000609400000|  0%| F|  |TAMS 0x0000000609000000| PB 0x0000000609000000| Untracked 
|  18|0x0000000609400000, 0x0000000609400000, 0x0000000609800000|  0%| F|  |TAMS 0x0000000609400000| PB 0x0000000609400000| Untracked 
|  19|0x0000000609800000, 0x0000000609800000, 0x0000000609c00000|  0%| F|  |TAMS 0x0000000609800000| PB 0x0000000609800000| Untracked 
|  20|0x0000000609c00000, 0x0000000609c00000, 0x000000060a000000|  0%| F|  |TAMS 0x0000000609c00000| PB 0x0000000609c00000| Untracked 
|  21|0x000000060a000000, 0x000000060a000000, 0x000000060a400000|  0%| F|  |TAMS 0x000000060a000000| PB 0x000000060a000000| Untracked 
|  22|0x000000060a400000, 0x000000060a400000, 0x000000060a800000|  0%| F|  |TAMS 0x000000060a400000| PB 0x000000060a400000| Untracked 
|  23|0x000000060a800000, 0x000000060a800000, 0x000000060ac00000|  0%| F|  |TAMS 0x000000060a800000| PB 0x000000060a800000| Untracked 
|  24|0x000000060ac00000, 0x000000060ac00000, 0x000000060b000000|  0%| F|  |TAMS 0x000000060ac00000| PB 0x000000060ac00000| Untracked 
|  25|0x000000060b000000, 0x000000060b000000, 0x000000060b400000|  0%| F|  |TAMS 0x000000060b000000| PB 0x000000060b000000| Untracked 
|  26|0x000000060b400000, 0x000000060b400000, 0x000000060b800000|  0%| F|  |TAMS 0x000000060b400000| PB 0x000000060b400000| Untracked 
|  27|0x000000060b800000, 0x000000060b800000, 0x000000060bc00000|  0%| F|  |TAMS 0x000000060b800000| PB 0x000000060b800000| Untracked 
|  28|0x000000060bc00000, 0x000000060bc00000, 0x000000060c000000|  0%| F|  |TAMS 0x000000060bc00000| PB 0x000000060bc00000| Untracked 
|  29|0x000000060c000000, 0x000000060c000000, 0x000000060c400000|  0%| F|  |TAMS 0x000000060c000000| PB 0x000000060c000000| Untracked 
|  30|0x000000060c400000, 0x000000060c400000, 0x000000060c800000|  0%| F|  |TAMS 0x000000060c400000| PB 0x000000060c400000| Untracked 
|  31|0x000000060c800000, 0x000000060c800000, 0x000000060cc00000|  0%| F|  |TAMS 0x000000060c800000| PB 0x000000060c800000| Untracked 
|  32|0x000000060cc00000, 0x000000060cc00000, 0x000000060d000000|  0%| F|  |TAMS 0x000000060cc00000| PB 0x000000060cc00000| Untracked 
|  33|0x000000060d000000, 0x000000060d000000, 0x000000060d400000|  0%| F|  |TAMS 0x000000060d000000| PB 0x000000060d000000| Untracked 
|  34|0x000000060d400000, 0x000000060d400000, 0x000000060d800000|  0%| F|  |TAMS 0x000000060d400000| PB 0x000000060d400000| Untracked 
|  35|0x000000060d800000, 0x000000060d800000, 0x000000060dc00000|  0%| F|  |TAMS 0x000000060d800000| PB 0x000000060d800000| Untracked 
|  36|0x000000060dc00000, 0x000000060dc00000, 0x000000060e000000|  0%| F|  |TAMS 0x000000060dc00000| PB 0x000000060dc00000| Untracked 
|  37|0x000000060e000000, 0x000000060e000000, 0x000000060e400000|  0%| F|  |TAMS 0x000000060e000000| PB 0x000000060e000000| Untracked 
|  38|0x000000060e400000, 0x000000060e400000, 0x000000060e800000|  0%| F|  |TAMS 0x000000060e400000| PB 0x000000060e400000| Untracked 
|  39|0x000000060e800000, 0x000000060e800000, 0x000000060ec00000|  0%| F|  |TAMS 0x000000060e800000| PB 0x000000060e800000| Untracked 
|  40|0x000000060ec00000, 0x000000060ec00000, 0x000000060f000000|  0%| F|  |TAMS 0x000000060ec00000| PB 0x000000060ec00000| Untracked 
|  41|0x000000060f000000, 0x000000060f000000, 0x000000060f400000|  0%| F|  |TAMS 0x000000060f000000| PB 0x000000060f000000| Untracked 
|  42|0x000000060f400000, 0x000000060f400000, 0x000000060f800000|  0%| F|  |TAMS 0x000000060f400000| PB 0x000000060f400000| Untracked 
|  43|0x000000060f800000, 0x000000060f800000, 0x000000060fc00000|  0%| F|  |TAMS 0x000000060f800000| PB 0x000000060f800000| Untracked 
|  44|0x000000060fc00000, 0x000000060fc00000, 0x0000000610000000|  0%| F|  |TAMS 0x000000060fc00000| PB 0x000000060fc00000| Untracked 
|  45|0x0000000610000000, 0x0000000610000000, 0x0000000610400000|  0%| F|  |TAMS 0x0000000610000000| PB 0x0000000610000000| Untracked 
|  46|0x0000000610400000, 0x0000000610400000, 0x0000000610800000|  0%| F|  |TAMS 0x0000000610400000| PB 0x0000000610400000| Untracked 
|  47|0x0000000610800000, 0x0000000610800000, 0x0000000610c00000|  0%| F|  |TAMS 0x0000000610800000| PB 0x0000000610800000| Untracked 
|  48|0x0000000610c00000, 0x0000000610c00000, 0x0000000611000000|  0%| F|  |TAMS 0x0000000610c00000| PB 0x0000000610c00000| Untracked 
|  49|0x0000000611000000, 0x0000000611000000, 0x0000000611400000|  0%| F|  |TAMS 0x0000000611000000| PB 0x0000000611000000| Untracked 
|  50|0x0000000611400000, 0x0000000611400000, 0x0000000611800000|  0%| F|  |TAMS 0x0000000611400000| PB 0x0000000611400000| Untracked 
|  51|0x0000000611800000, 0x0000000611800000, 0x0000000611c00000|  0%| F|  |TAMS 0x0000000611800000| PB 0x0000000611800000| Untracked 
|  52|0x0000000611c00000, 0x0000000611c00000, 0x0000000612000000|  0%| F|  |TAMS 0x0000000611c00000| PB 0x0000000611c00000| Untracked 
|  53|0x0000000612000000, 0x0000000612000000, 0x0000000612400000|  0%| F|  |TAMS 0x0000000612000000| PB 0x0000000612000000| Untracked 
|  54|0x0000000612400000, 0x0000000612400000, 0x0000000612800000|  0%| F|  |TAMS 0x0000000612400000| PB 0x0000000612400000| Untracked 
|  55|0x0000000612800000, 0x0000000612800000, 0x0000000612c00000|  0%| F|  |TAMS 0x0000000612800000| PB 0x0000000612800000| Untracked 
|  56|0x0000000612c00000, 0x0000000612c00000, 0x0000000613000000|  0%| F|  |TAMS 0x0000000612c00000| PB 0x0000000612c00000| Untracked 
|  57|0x0000000613000000, 0x0000000613000000, 0x0000000613400000|  0%| F|  |TAMS 0x0000000613000000| PB 0x0000000613000000| Untracked 
|  58|0x0000000613400000, 0x0000000613400000, 0x0000000613800000|  0%| F|  |TAMS 0x0000000613400000| PB 0x0000000613400000| Untracked 
|  59|0x0000000613800000, 0x0000000613800000, 0x0000000613c00000|  0%| F|  |TAMS 0x0000000613800000| PB 0x0000000613800000| Untracked 
|  60|0x0000000613c00000, 0x0000000613c00000, 0x0000000614000000|  0%| F|  |TAMS 0x0000000613c00000| PB 0x0000000613c00000| Untracked 
|  61|0x0000000614000000, 0x0000000614000000, 0x0000000614400000|  0%| F|  |TAMS 0x0000000614000000| PB 0x0000000614000000| Untracked 
|  62|0x0000000614400000, 0x0000000614400000, 0x0000000614800000|  0%| F|  |TAMS 0x0000000614400000| PB 0x0000000614400000| Untracked 
|  63|0x0000000614800000, 0x0000000614800000, 0x0000000614c00000|  0%| F|  |TAMS 0x0000000614800000| PB 0x0000000614800000| Untracked 
|  64|0x0000000614c00000, 0x0000000614c00000, 0x0000000615000000|  0%| F|  |TAMS 0x0000000614c00000| PB 0x0000000614c00000| Untracked 
|  65|0x0000000615000000, 0x0000000615000000, 0x0000000615400000|  0%| F|  |TAMS 0x0000000615000000| PB 0x0000000615000000| Untracked 
|  66|0x0000000615400000, 0x0000000615400000, 0x0000000615800000|  0%| F|  |TAMS 0x0000000615400000| PB 0x0000000615400000| Untracked 
|  67|0x0000000615800000, 0x0000000615800000, 0x0000000615c00000|  0%| F|  |TAMS 0x0000000615800000| PB 0x0000000615800000| Untracked 
|  68|0x0000000615c00000, 0x0000000615c00000, 0x0000000616000000|  0%| F|  |TAMS 0x0000000615c00000| PB 0x0000000615c00000| Untracked 
|  69|0x0000000616000000, 0x0000000616000000, 0x0000000616400000|  0%| F|  |TAMS 0x0000000616000000| PB 0x0000000616000000| Untracked 
|  70|0x0000000616400000, 0x0000000616400000, 0x0000000616800000|  0%| F|  |TAMS 0x0000000616400000| PB 0x0000000616400000| Untracked 
|  71|0x0000000616800000, 0x0000000616800000, 0x0000000616c00000|  0%| F|  |TAMS 0x0000000616800000| PB 0x0000000616800000| Untracked 
|  72|0x0000000616c00000, 0x0000000616c00000, 0x0000000617000000|  0%| F|  |TAMS 0x0000000616c00000| PB 0x0000000616c00000| Untracked 
|  73|0x0000000617000000, 0x0000000617000000, 0x0000000617400000|  0%| F|  |TAMS 0x0000000617000000| PB 0x0000000617000000| Untracked 
|  74|0x0000000617400000, 0x0000000617400000, 0x0000000617800000|  0%| F|  |TAMS 0x0000000617400000| PB 0x0000000617400000| Untracked 
|  75|0x0000000617800000, 0x0000000617800000, 0x0000000617c00000|  0%| F|  |TAMS 0x0000000617800000| PB 0x0000000617800000| Untracked 
|  76|0x0000000617c00000, 0x0000000617c00000, 0x0000000618000000|  0%| F|  |TAMS 0x0000000617c00000| PB 0x0000000617c00000| Untracked 
|  77|0x0000000618000000, 0x0000000618000000, 0x0000000618400000|  0%| F|  |TAMS 0x0000000618000000| PB 0x0000000618000000| Untracked 
|  78|0x0000000618400000, 0x0000000618400000, 0x0000000618800000|  0%| F|  |TAMS 0x0000000618400000| PB 0x0000000618400000| Untracked 
|  79|0x0000000618800000, 0x0000000618800000, 0x0000000618c00000|  0%| F|  |TAMS 0x0000000618800000| PB 0x0000000618800000| Untracked 
|  80|0x0000000618c00000, 0x0000000618c00000, 0x0000000619000000|  0%| F|  |TAMS 0x0000000618c00000| PB 0x0000000618c00000| Untracked 
|  81|0x0000000619000000, 0x0000000619000000, 0x0000000619400000|  0%| F|  |TAMS 0x0000000619000000| PB 0x0000000619000000| Untracked 
|  82|0x0000000619400000, 0x0000000619400000, 0x0000000619800000|  0%| F|  |TAMS 0x0000000619400000| PB 0x0000000619400000| Untracked 
|  83|0x0000000619800000, 0x0000000619800000, 0x0000000619c00000|  0%| F|  |TAMS 0x0000000619800000| PB 0x0000000619800000| Untracked 
|  84|0x0000000619c00000, 0x0000000619c00000, 0x000000061a000000|  0%| F|  |TAMS 0x0000000619c00000| PB 0x0000000619c00000| Untracked 
|  85|0x000000061a000000, 0x000000061a000000, 0x000000061a400000|  0%| F|  |TAMS 0x000000061a000000| PB 0x000000061a000000| Untracked 
|  86|0x000000061a400000, 0x000000061a400000, 0x000000061a800000|  0%| F|  |TAMS 0x000000061a400000| PB 0x000000061a400000| Untracked 
|  87|0x000000061a800000, 0x000000061a800000, 0x000000061ac00000|  0%| F|  |TAMS 0x000000061a800000| PB 0x000000061a800000| Untracked 
|  88|0x000000061ac00000, 0x000000061ac00000, 0x000000061b000000|  0%| F|  |TAMS 0x000000061ac00000| PB 0x000000061ac00000| Untracked 
|  89|0x000000061b000000, 0x000000061b000000, 0x000000061b400000|  0%| F|  |TAMS 0x000000061b000000| PB 0x000000061b000000| Untracked 
|  90|0x000000061b400000, 0x000000061b400000, 0x000000061b800000|  0%| F|  |TAMS 0x000000061b400000| PB 0x000000061b400000| Untracked 
|  91|0x000000061b800000, 0x000000061b800000, 0x000000061bc00000|  0%| F|  |TAMS 0x000000061b800000| PB 0x000000061b800000| Untracked 
|  92|0x000000061bc00000, 0x000000061bc00000, 0x000000061c000000|  0%| F|  |TAMS 0x000000061bc00000| PB 0x000000061bc00000| Untracked 
|  93|0x000000061c000000, 0x000000061c000000, 0x000000061c400000|  0%| F|  |TAMS 0x000000061c000000| PB 0x000000061c000000| Untracked 
|  94|0x000000061c400000, 0x000000061c400000, 0x000000061c800000|  0%| F|  |TAMS 0x000000061c400000| PB 0x000000061c400000| Untracked 
|  95|0x000000061c800000, 0x000000061c800000, 0x000000061cc00000|  0%| F|  |TAMS 0x000000061c800000| PB 0x000000061c800000| Untracked 
|  96|0x000000061cc00000, 0x000000061cc00000, 0x000000061d000000|  0%| F|  |TAMS 0x000000061cc00000| PB 0x000000061cc00000| Untracked 
|  97|0x000000061d000000, 0x000000061d000000, 0x000000061d400000|  0%| F|  |TAMS 0x000000061d000000| PB 0x000000061d000000| Untracked 
|  98|0x000000061d400000, 0x000000061d400000, 0x000000061d800000|  0%| F|  |TAMS 0x000000061d400000| PB 0x000000061d400000| Untracked 
|  99|0x000000061d800000, 0x000000061d800000, 0x000000061dc00000|  0%| F|  |TAMS 0x000000061d800000| PB 0x000000061d800000| Untracked 
| 100|0x000000061dc00000, 0x000000061dc00000, 0x000000061e000000|  0%| F|  |TAMS 0x000000061dc00000| PB 0x000000061dc00000| Untracked 
| 101|0x000000061e000000, 0x000000061e000000, 0x000000061e400000|  0%| F|  |TAMS 0x000000061e000000| PB 0x000000061e000000| Untracked 
| 102|0x000000061e400000, 0x000000061e400000, 0x000000061e800000|  0%| F|  |TAMS 0x000000061e400000| PB 0x000000061e400000| Untracked 
| 103|0x000000061e800000, 0x000000061e800000, 0x000000061ec00000|  0%| F|  |TAMS 0x000000061e800000| PB 0x000000061e800000| Untracked 
| 104|0x000000061ec00000, 0x000000061ec00000, 0x000000061f000000|  0%| F|  |TAMS 0x000000061ec00000| PB 0x000000061ec00000| Untracked 
| 105|0x000000061f000000, 0x000000061f000000, 0x000000061f400000|  0%| F|  |TAMS 0x000000061f000000| PB 0x000000061f000000| Untracked 
| 106|0x000000061f400000, 0x000000061f400000, 0x000000061f800000|  0%| F|  |TAMS 0x000000061f400000| PB 0x000000061f400000| Untracked 
| 107|0x000000061f800000, 0x000000061f800000, 0x000000061fc00000|  0%| F|  |TAMS 0x000000061f800000| PB 0x000000061f800000| Untracked 
| 108|0x000000061fc00000, 0x000000061fc00000, 0x0000000620000000|  0%| F|  |TAMS 0x000000061fc00000| PB 0x000000061fc00000| Untracked 
| 109|0x0000000620000000, 0x0000000620000000, 0x0000000620400000|  0%| F|  |TAMS 0x0000000620000000| PB 0x0000000620000000| Untracked 
| 110|0x0000000620400000, 0x0000000620400000, 0x0000000620800000|  0%| F|  |TAMS 0x0000000620400000| PB 0x0000000620400000| Untracked 
| 111|0x0000000620800000, 0x0000000620800000, 0x0000000620c00000|  0%| F|  |TAMS 0x0000000620800000| PB 0x0000000620800000| Untracked 
| 112|0x0000000620c00000, 0x0000000620c00000, 0x0000000621000000|  0%| F|  |TAMS 0x0000000620c00000| PB 0x0000000620c00000| Untracked 
| 113|0x0000000621000000, 0x0000000621000000, 0x0000000621400000|  0%| F|  |TAMS 0x0000000621000000| PB 0x0000000621000000| Untracked 
| 114|0x0000000621400000, 0x0000000621400000, 0x0000000621800000|  0%| F|  |TAMS 0x0000000621400000| PB 0x0000000621400000| Untracked 
| 115|0x0000000621800000, 0x0000000621800000, 0x0000000621c00000|  0%| F|  |TAMS 0x0000000621800000| PB 0x0000000621800000| Untracked 
| 116|0x0000000621c00000, 0x0000000621c00000, 0x0000000622000000|  0%| F|  |TAMS 0x0000000621c00000| PB 0x0000000621c00000| Untracked 
| 117|0x0000000622000000, 0x0000000622000000, 0x0000000622400000|  0%| F|  |TAMS 0x0000000622000000| PB 0x0000000622000000| Untracked 
| 118|0x0000000622400000, 0x0000000622400000, 0x0000000622800000|  0%| F|  |TAMS 0x0000000622400000| PB 0x0000000622400000| Untracked 
| 119|0x0000000622800000, 0x0000000622800000, 0x0000000622c00000|  0%| F|  |TAMS 0x0000000622800000| PB 0x0000000622800000| Untracked 
| 120|0x0000000622c00000, 0x0000000622c00000, 0x0000000623000000|  0%| F|  |TAMS 0x0000000622c00000| PB 0x0000000622c00000| Untracked 
| 121|0x0000000623000000, 0x00000006232d8688, 0x0000000623400000| 71%| S|CS|TAMS 0x0000000623000000| PB 0x0000000623000000| Complete 
| 122|0x0000000623400000, 0x0000000623400000, 0x0000000623800000|  0%| F|  |TAMS 0x0000000623400000| PB 0x0000000623400000| Untracked 
| 123|0x0000000623800000, 0x0000000623800000, 0x0000000623c00000|  0%| F|  |TAMS 0x0000000623800000| PB 0x0000000623800000| Untracked 
| 124|0x0000000623c00000, 0x0000000623c00000, 0x0000000624000000|  0%| F|  |TAMS 0x0000000623c00000| PB 0x0000000623c00000| Untracked 
| 125|0x0000000624000000, 0x0000000624074ca0, 0x0000000624400000| 11%| E|  |TAMS 0x0000000624000000| PB 0x0000000624000000| Complete 
| 126|0x0000000624400000, 0x0000000624800000, 0x0000000624800000|100%| E|CS|TAMS 0x0000000624400000| PB 0x0000000624400000| Complete 

Card table byte_map: [0x000001a3ae3e0000,0x000001a3af3c0000] _byte_map_base: 0x000001a3ab3ba000

Marking Bits: (CMBitMap*) 0x000001a395b0ecf0
 Bits: [0x000001a3af3c0000, 0x000001a3b7290000)

Polling page: 0x000001a395220000

Metaspace:

Usage:
  Non-class:     13.29 MB used.
      Class:      1.78 MB used.
       Both:     15.07 MB used.

Virtual space:
  Non-class space:       64.00 MB reserved,      13.44 MB ( 21%) committed,  1 nodes.
      Class space:        1.00 GB reserved,       1.94 MB ( <1%) committed,  1 nodes.
             Both:        1.06 GB reserved,      15.38 MB (  1%) committed. 

Chunk freelists:
   Non-Class:  2.05 MB
       Class:  13.98 MB
        Both:  16.03 MB

MaxMetaspaceSize: unlimited
CompressedClassSpaceSize: 1.00 GB
Initial GC threshold: 21.00 MB
Current GC threshold: 21.00 MB
CDS: on
 - commit_granule_bytes: 65536.
 - commit_granule_words: 8192.
 - virtual_space_node_default_size: 8388608.
 - enlarge_chunks_in_place: 1.
 - use_allocation_guard: 0.


Internal statistics:

num_allocs_failed_limit: 0.
num_arena_births: 370.
num_arena_deaths: 0.
num_vsnodes_births: 2.
num_vsnodes_deaths: 0.
num_space_committed: 246.
num_space_uncommitted: 0.
num_chunks_returned_to_freelist: 0.
num_chunks_taken_from_freelist: 758.
num_chunk_merges: 0.
num_chunk_splits: 451.
num_chunks_enlarged: 268.
num_inconsistent_stats: 0.

CodeHeap 'non-profiled nmethods': size=120000Kb used=873Kb max_used=873Kb free=119126Kb
 bounds [0x000001a3a5980000, 0x000001a3a5bf0000, 0x000001a3aceb0000]
CodeHeap 'profiled nmethods': size=120000Kb used=4089Kb max_used=4089Kb free=115910Kb
 bounds [0x000001a39deb0000, 0x000001a39e2b0000, 0x000001a3a53e0000]
CodeHeap 'non-nmethods': size=5760Kb used=1485Kb max_used=1522Kb free=4274Kb
 bounds [0x000001a3a53e0000, 0x000001a3a5650000, 0x000001a3a5980000]
 total_blobs=2703 nmethods=2144 adapters=463
 compilation: enabled
              stopped_count=0, restarted_count=0
 full_count=0

Compilation events (20 events):
Event: 1.410 Thread 0x000001a3ff144b60 nmethod 2135 0x000001a39e2a6e10 code [0x000001a39e2a6fa0, 0x000001a39e2a7110]
Event: 1.411 Thread 0x000001a3ff144b60 2136       3       java.util.TreeMap::setColor (10 bytes)
Event: 1.411 Thread 0x000001a3ff144b60 nmethod 2136 0x000001a39e2a7190 code [0x000001a39e2a7320, 0x000001a39e2a7450]
Event: 1.414 Thread 0x000001a3ff144b60 2138       3       java.util.concurrent.ConcurrentHashMap::addCount (280 bytes)
Event: 1.415 Thread 0x000001a3ff144b60 nmethod 2138 0x000001a39e2a7510 code [0x000001a39e2a7760, 0x000001a39e2a8138]
Event: 1.418 Thread 0x000001a3ff144b60 2139   !   3       java.util.concurrent.ConcurrentHashMap::putVal (432 bytes)
Event: 1.420 Thread 0x000001a3ff144b60 nmethod 2139 0x000001a39e2a8410 code [0x000001a39e2a87a0, 0x000001a39e2aa3d8]
Event: 1.420 Thread 0x000001a3ff144b60 2140       3       java.lang.invoke.Invokers::callSiteForm (297 bytes)
Event: 1.421 Thread 0x000001a3ff144b60 nmethod 2140 0x000001a39e2aad90 code [0x000001a39e2ab0c0, 0x000001a39e2ac500]
Event: 1.421 Thread 0x000001a3ff144b60 2141       1       java.nio.Buffer::capacity (5 bytes)
Event: 1.421 Thread 0x000001a3ff144b60 nmethod 2141 0x000001a3a5a50910 code [0x000001a3a5a50aa0, 0x000001a3a5a50b68]
Event: 1.423 Thread 0x000001a3ff144b60 2142       3       java.lang.invoke.BootstrapMethodInvoker::widenAndCast (47 bytes)
Event: 1.424 Thread 0x000001a3ff144b60 nmethod 2142 0x000001a39e2acd90 code [0x000001a39e2ad000, 0x000001a39e2ad978]
Event: 1.465 Thread 0x000001a3ff142950 nmethod 2077 0x000001a3a5a50c10 code [0x000001a3a5a51460, 0x000001a3a5a57570]
Event: 2.049 Thread 0x000001a3ff144b60 2143       1       jdk.internal.net.http.common.DebugLogger::on (5 bytes)
Event: 2.049 Thread 0x000001a3ff144b60 nmethod 2143 0x000001a3a5a5a290 code [0x000001a3a5a5a420, 0x000001a3a5a5a4f0]
Event: 2.050 Thread 0x000001a3ff144b60 2144       3       java.nio.HeapByteBuffer::ix (7 bytes)
Event: 2.050 Thread 0x000001a3ff144b60 nmethod 2144 0x000001a39e2adc90 code [0x000001a39e2ade20, 0x000001a39e2adf30]
Event: 2.050 Thread 0x000001a3ff144b60 2145       3       java.nio.HeapByteBuffer::get (14 bytes)
Event: 2.050 Thread 0x000001a3ff144b60 nmethod 2145 0x000001a39e2adf90 code [0x000001a39e2ae160, 0x000001a39e2ae4b8]

GC Heap History (4 events):
Event: 0.590 GC heap before
{Heap before GC invocations=0 (full 0):
 garbage-first heap   total 520192K, used 20480K [0x0000000604c00000, 0x0000000800000000)
  region size 4096K, 6 young (24576K), 0 survivors (0K)
 Metaspace       used 6467K, committed 6656K, reserved 1114112K
  class space    used 690K, committed 768K, reserved 1048576K
}
Event: 0.595 GC heap after
{Heap after GC invocations=1 (full 0):
 garbage-first heap   total 520192K, used 7196K [0x0000000604c00000, 0x0000000800000000)
  region size 4096K, 1 young (4096K), 1 survivors (4096K)
 Metaspace       used 6467K, committed 6656K, reserved 1114112K
  class space    used 690K, committed 768K, reserved 1048576K
}
Event: 1.261 GC heap before
{Heap before GC invocations=1 (full 0):
 garbage-first heap   total 520192K, used 27676K [0x0000000604c00000, 0x0000000800000000)
  region size 4096K, 6 young (24576K), 1 survivors (4096K)
 Metaspace       used 13693K, committed 14080K, reserved 1114112K
  class space    used 1575K, committed 1728K, reserved 1048576K
}
Event: 1.265 GC heap after
{Heap after GC invocations=2 (full 0):
 garbage-first heap   total 520192K, used 10220K [0x0000000604c00000, 0x0000000800000000)
  region size 4096K, 1 young (4096K), 1 survivors (4096K)
 Metaspace       used 13693K, committed 14080K, reserved 1114112K
  class space    used 1575K, committed 1728K, reserved 1048576K
}

Dll operation events (8 events):
Event: 0.005 Loaded shared library C:\Program Files\Java\jdk-21\bin\java.dll
Event: 0.033 Loaded shared library C:\Program Files\Java\jdk-21\bin\jsvml.dll
Event: 0.108 Loaded shared library C:\Program Files\Java\jdk-21\bin\net.dll
Event: 0.109 Loaded shared library C:\Program Files\Java\jdk-21\bin\nio.dll
Event: 0.112 Loaded shared library C:\Program Files\Java\jdk-21\bin\zip.dll
Event: 0.201 Loaded shared library C:\Program Files\Java\jdk-21\bin\jimage.dll
Event: 0.367 Loaded shared library C:\Program Files\Java\jdk-21\bin\extnet.dll
Event: 1.216 Loaded shared library C:\Program Files\Java\jdk-21\bin\sunmscapi.dll

Deoptimization events (20 events):
Event: 1.405 Thread 0x000001a380661040 Uncommon trap: trap_request=0xffffff45 fr.pc=0x000001a3a5a2e904 relative=0x00000000000010e4
Event: 1.405 Thread 0x000001a380661040 Uncommon trap: reason=unstable_if action=reinterpret pc=0x000001a3a5a2e904 method=java.util.concurrent.ConcurrentHashMap.transfer([Ljava/util/concurrent/ConcurrentHashMap$Node;[Ljava/util/concurrent/ConcurrentHashMap$Node;)V @ 172 c2
Event: 1.405 Thread 0x000001a380661040 DEOPT PACKING pc=0x000001a3a5a2e904 sp=0x000000a1451fe2c0
Event: 1.405 Thread 0x000001a380661040 DEOPT UNPACKING pc=0x000001a3a54346a2 sp=0x000000a1451fe238 mode 2
Event: 1.405 Thread 0x000001a380661040 Uncommon trap: trap_request=0xffffff45 fr.pc=0x000001a3a5a2a8b0 relative=0x0000000000000eb0
Event: 1.405 Thread 0x000001a380661040 Uncommon trap: reason=unstable_if action=reinterpret pc=0x000001a3a5a2a8b0 method=java.util.concurrent.ConcurrentHashMap.addCount(JI)V @ 171 c2
Event: 1.405 Thread 0x000001a380661040 DEOPT PACKING pc=0x000001a3a5a2a8b0 sp=0x000000a1451fe3a0
Event: 1.405 Thread 0x000001a380661040 DEOPT UNPACKING pc=0x000001a3a54346a2 sp=0x000000a1451fe250 mode 2
Event: 1.405 Thread 0x000001a380661040 Uncommon trap: trap_request=0xffffff45 fr.pc=0x000001a3a5a4ca40 relative=0x0000000000000680
Event: 1.405 Thread 0x000001a380661040 Uncommon trap: reason=unstable_if action=reinterpret pc=0x000001a3a5a4ca40 method=java.util.concurrent.ConcurrentHashMap.get(Ljava/lang/Object;)Ljava/lang/Object; @ 86 c2
Event: 1.405 Thread 0x000001a380661040 DEOPT PACKING pc=0x000001a3a5a4ca40 sp=0x000000a1451fe3e0
Event: 1.405 Thread 0x000001a380661040 DEOPT UNPACKING pc=0x000001a3a54346a2 sp=0x000000a1451fe320 mode 2
Event: 1.405 Thread 0x000001a380661040 Uncommon trap: trap_request=0xffffff45 fr.pc=0x000001a3a59d68d0 relative=0x0000000000000290
Event: 1.405 Thread 0x000001a380661040 Uncommon trap: reason=unstable_if action=reinterpret pc=0x000001a3a59d68d0 method=java.util.concurrent.ConcurrentHashMap.get(Ljava/lang/Object;)Ljava/lang/Object; @ 86 c2
Event: 1.405 Thread 0x000001a380661040 DEOPT PACKING pc=0x000001a3a59d68d0 sp=0x000000a1451fe180
Event: 1.405 Thread 0x000001a380661040 DEOPT UNPACKING pc=0x000001a3a54346a2 sp=0x000000a1451fe0f8 mode 2
Event: 1.405 Thread 0x000001a380661040 Uncommon trap: trap_request=0xffffff45 fr.pc=0x000001a3a5a17fe0 relative=0x00000000000001a0
Event: 1.405 Thread 0x000001a380661040 Uncommon trap: reason=unstable_if action=reinterpret pc=0x000001a3a5a17fe0 method=java.util.concurrent.ConcurrentHashMap.addCount(JI)V @ 171 c2
Event: 1.405 Thread 0x000001a380661040 DEOPT PACKING pc=0x000001a3a5a17fe0 sp=0x000000a1451fe000
Event: 1.405 Thread 0x000001a380661040 DEOPT UNPACKING pc=0x000001a3a54346a2 sp=0x000000a1451fdf60 mode 2

Classes loaded (20 events):
Event: 1.403 Loading class java/nio/channels/spi/AbstractSelectionKey done
Event: 1.403 Loading class sun/nio/ch/SelectionKeyImpl done
Event: 1.403 Loading class java/lang/invoke/ConstantBootstraps
Event: 1.403 Loading class java/lang/invoke/ConstantBootstraps done
Event: 1.407 Loading class java/util/concurrent/CompletableFuture$UniRelay
Event: 1.408 Loading class java/util/concurrent/CompletableFuture$UniRelay done
Event: 1.415 Loading class sun/nio/ch/IOVecWrapper
Event: 1.415 Loading class sun/nio/ch/IOVecWrapper done
Event: 1.415 Loading class sun/nio/ch/AllocatedNativeObject
Event: 1.415 Loading class sun/nio/ch/NativeObject
Event: 1.415 Loading class sun/nio/ch/NativeObject done
Event: 1.415 Loading class sun/nio/ch/AllocatedNativeObject done
Event: 1.415 Loading class sun/nio/ch/IOVecWrapper$Deallocator
Event: 1.415 Loading class sun/nio/ch/IOVecWrapper$Deallocator done
Event: 1.422 Loading class java/util/concurrent/CompletableFuture$UniApply
Event: 1.422 Loading class java/util/concurrent/CompletableFuture$UniApply done
Event: 2.048 Loading class java/nio/HeapByteBufferR
Event: 2.048 Loading class java/nio/HeapByteBufferR done
Event: 2.050 Loading class java/util/ArrayList$ListItr
Event: 2.050 Loading class java/util/ArrayList$ListItr done

Classes unloaded (0 events):
No events

Classes redefined (0 events):
No events

Internal exceptions (20 events):
Event: 1.067 Thread 0x000001a39393d790 Exception <a 'java/lang/NoSuchMethodError'{0x0000000623803b28}: 'int java.lang.invoke.DirectMethodHandle$Holder.invokeStaticInit(java.lang.Object, double, double)'> (0x0000000623803b28) 
thrown [s\open\src\hotspot\share\interpreter\linkResolver.cpp, line 773]
Event: 1.068 Thread 0x000001a39393d790 Exception <a 'java/lang/NoSuchMethodError'{0x0000000623808178}: 'int java.lang.invoke.DirectMethodHandle$Holder.invokeStatic(java.lang.Object, long)'> (0x0000000623808178) 
thrown [s\open\src\hotspot\share\interpreter\linkResolver.cpp, line 773]
Event: 1.070 Thread 0x000001a39393d790 Exception <a 'java/lang/NoSuchMethodError'{0x000000062381bbd8}: 'int java.lang.invoke.DirectMethodHandle$Holder.invokeSpecial(java.lang.Object, java.lang.Object, java.lang.Object, java.lang.Object)'> (0x000000062381bbd8) 
thrown [s\open\src\hotspot\share\interpreter\linkResolver.cpp, line 773]
Event: 1.072 Thread 0x000001a39393d790 Exception <a 'java/lang/NoSuchMethodError'{0x000000062382c7d0}: 'java.lang.Object java.lang.invoke.DirectMethodHandle$Holder.invokeStatic(java.lang.Object, int, java.lang.Object, java.lang.Object)'> (0x000000062382c7d0) 
thrown [s\open\src\hotspot\share\interpreter\linkResolver.cpp, line 773]
Event: 1.072 Thread 0x000001a39393d790 Exception <a 'java/lang/NoSuchMethodError'{0x00000006238306b0}: 'java.lang.Object java.lang.invoke.DirectMethodHandle$Holder.invokeSpecial(java.lang.Object, java.lang.Object, int, java.lang.Object, java.lang.Object)'> (0x00000006238306b0) 
thrown [s\open\src\hotspot\share\interpreter\linkResolver.cpp, line 773]
Event: 1.072 Thread 0x000001a39393d790 Exception <a 'java/lang/NoSuchMethodError'{0x0000000623833e10}: 'java.lang.Object java.lang.invoke.DelegatingMethodHandle$Holder.delegate(java.lang.Object, int, java.lang.Object, java.lang.Object)'> (0x0000000623833e10) 
thrown [s\open\src\hotspot\share\interpreter\linkResolver.cpp, line 773]
Event: 1.074 Thread 0x000001a39393d790 Exception <a 'java/lang/NoSuchMethodError'{0x0000000623843380}: 'int java.lang.invoke.Invokers$Holder.linkToTargetMethod(java.lang.Object, java.lang.Object, java.lang.Object)'> (0x0000000623843380) 
thrown [s\open\src\hotspot\share\interpreter\linkResolver.cpp, line 773]
Event: 1.078 Thread 0x000001a39393d790 Exception <a 'java/lang/NoSuchMethodError'{0x0000000623852128}: 'long java.lang.invoke.DirectMethodHandle$Holder.invokeSpecial(java.lang.Object, java.lang.Object)'> (0x0000000623852128) 
thrown [s\open\src\hotspot\share\interpreter\linkResolver.cpp, line 773]
Event: 1.109 Thread 0x000001a39393d790 Exception <a 'sun/nio/fs/WindowsException'{0x0000000623929d78}> (0x0000000623929d78) 
thrown [s\open\src\hotspot\share\prims\jni.cpp, line 520]
Event: 1.252 Thread 0x000001a39393d790 Exception <a 'java/lang/NoSuchMethodError'{0x00000006237bd720}: 'java.lang.Object java.lang.invoke.DirectMethodHandle$Holder.invokeInterface(java.lang.Object, java.lang.Object, java.lang.Object)'> (0x00000006237bd720) 
thrown [s\open\src\hotspot\share\interpreter\linkResolver.cpp, line 773]
Event: 1.252 Thread 0x000001a39393d790 Exception <a 'java/lang/IncompatibleClassChangeError'{0x00000006237c0b08}: Found class java.lang.Object, but interface was expected> (0x00000006237c0b08) 
thrown [s\open\src\hotspot\share\interpreter\linkResolver.cpp, line 840]
Event: 1.252 Thread 0x000001a39393d790 Exception <a 'java/lang/NoSuchMethodError'{0x00000006237c7f70}: 'int java.lang.invoke.DirectMethodHandle$Holder.invokeSpecialIFC(java.lang.Object, java.lang.Object, java.lang.Object, java.lang.Object)'> (0x00000006237c7f70) 
thrown [s\open\src\hotspot\share\interpreter\linkResolver.cpp, line 773]
Event: 1.255 Thread 0x000001a39393d790 Exception <a 'java/lang/NoSuchMethodError'{0x00000006237eaa68}: 'java.lang.Object java.lang.invoke.DirectMethodHandle$Holder.invokeVirtual(java.lang.Object, java.lang.Object, java.lang.Object, java.lang.Object)'> (0x00000006237eaa68) 
thrown [s\open\src\hotspot\share\interpreter\linkResolver.cpp, line 773]
Event: 1.292 Thread 0x000001a38075ac90 Exception <a 'java/net/ConnectException'{0x0000000624534980}: Connection refused: no further information> (0x0000000624534980) 
thrown [s\open\src\hotspot\share\prims\jni.cpp, line 539]
Event: 1.332 Thread 0x000001a39393d790 Exception <a 'java/lang/NoSuchMethodError'{0x0000000624612180}: 'java.lang.Object java.lang.invoke.DirectMethodHandle$Holder.newInvokeSpecial(java.lang.Object, java.lang.Object, int, int)'> (0x0000000624612180) 
thrown [s\open\src\hotspot\share\interpreter\linkResolver.cpp, line 773]
Event: 1.333 Thread 0x000001a39393d790 Exception <a 'java/lang/NoSuchMethodError'{0x000000062461c658}: 'void java.lang.invoke.DirectMethodHandle$Holder.invokeStatic(java.lang.Object, java.lang.Object, int)'> (0x000000062461c658) 
thrown [s\open\src\hotspot\share\interpreter\linkResolver.cpp, line 773]
Event: 1.338 Thread 0x000001a39393d790 Exception <a 'java/lang/NoSuchMethodError'{0x000000062466dbc0}: 'java.lang.Object java.lang.invoke.DirectMethodHandle$Holder.newInvokeSpecial(java.lang.Object, java.lang.Object, java.lang.Object, java.lang.Object, java.lang.Object)'> (0x000000062466dbc0) 
thrown [s\open\src\hotspot\share\interpreter\linkResolver.cpp, line 773]
Event: 1.374 Thread 0x000001a38077ed20 Exception <a 'java/lang/NoSuchMethodError'{0x000000062476a758}: 'java.lang.Object java.lang.invoke.DirectMethodHandle$Holder.invokeSpecial(java.lang.Object, java.lang.Object, java.lang.Object, java.lang.Object, int)'> (0x000000062476a758) 
thrown [s\open\src\hotspot\share\interpreter\linkResolver.cpp, line 773]
Event: 1.374 Thread 0x000001a38077ed20 Exception <a 'java/lang/NoSuchMethodError'{0x000000062476e0a0}: 'java.lang.Object java.lang.invoke.Invokers$Holder.linkToTargetMethod(java.lang.Object, java.lang.Object, int, java.lang.Object)'> (0x000000062476e0a0) 
thrown [s\open\src\hotspot\share\interpreter\linkResolver.cpp, line 773]
Event: 1.394 Thread 0x000001a38077ed20 Exception <a 'java/lang/NoSuchMethodError'{0x00000006247ba098}: 'void java.lang.invoke.DirectMethodHandle$Holder.invokeSpecial(java.lang.Object, java.lang.Object, java.lang.Object, java.lang.Object, java.lang.Object)'> (0x00000006247ba098) 
thrown [s\open\src\hotspot\share\interpreter\linkResolver.cpp, line 773]

ZGC Phase Switch (0 events):
No events

VM Operations (20 events):
Event: 1.110 Executing VM operation: HandshakeAllThreads (Deoptimize)
Event: 1.110 Executing VM operation: HandshakeAllThreads (Deoptimize) done
Event: 1.151 Executing VM operation: HandshakeAllThreads (Deoptimize)
Event: 1.151 Executing VM operation: HandshakeAllThreads (Deoptimize) done
Event: 1.254 Executing VM operation: ICBufferFull
Event: 1.255 Executing VM operation: ICBufferFull done
Event: 1.261 Executing VM operation: G1CollectForAllocation (G1 Evacuation Pause)
Event: 1.265 Executing VM operation: G1CollectForAllocation (G1 Evacuation Pause) done
Event: 1.267 Executing VM operation: HandshakeAllThreads (Deoptimize)
Event: 1.267 Executing VM operation: HandshakeAllThreads (Deoptimize) done
Event: 1.267 Executing VM operation: HandshakeAllThreads (Deoptimize)
Event: 1.267 Executing VM operation: HandshakeAllThreads (Deoptimize) done
Event: 1.311 Executing VM operation: HandshakeAllThreads (Deoptimize)
Event: 1.311 Executing VM operation: HandshakeAllThreads (Deoptimize) done
Event: 1.312 Executing VM operation: HandshakeAllThreads (Deoptimize)
Event: 1.312 Executing VM operation: HandshakeAllThreads (Deoptimize) done
Event: 2.048 Executing VM operation: HandshakeAllThreads (Deoptimize)
Event: 2.048 Executing VM operation: HandshakeAllThreads (Deoptimize) done
Event: 2.051 Executing VM operation: HandshakeAllThreads (Deoptimize)
Event: 2.051 Executing VM operation: HandshakeAllThreads (Deoptimize) done

Events (20 events):
Event: 0.032 Thread 0x000001a3ff11f750 Thread added: 0x000001a3ff11f750
Event: 0.032 Thread 0x000001a3ff144b60 Thread added: 0x000001a3ff144b60
Event: 0.102 Thread 0x000001a3ff36f960 Thread added: 0x000001a3ff36f960
Event: 0.105 Thread 0x000001a3ff357220 Thread added: 0x000001a3ff357220
Event: 0.184 Thread 0x000001a3ff142950 Thread added: 0x000001a3ff142950
Event: 0.372 Thread 0x000001a3ffb0a690 Thread added: 0x000001a3ffb0a690
Event: 0.620 Thread 0x000001a3ff1436f0 Thread added: 0x000001a3ff1436f0
Event: 0.765 Thread 0x000001a380730060 Thread added: 0x000001a380730060
Event: 1.009 Thread 0x000001a3ff1436f0 Thread exited: 0x000001a3ff1436f0
Event: 1.010 Thread 0x000001a380730060 Thread exited: 0x000001a380730060
Event: 1.043 Thread 0x000001a380889da0 Thread added: 0x000001a380889da0
Event: 1.241 Thread 0x000001a380661040 Thread added: 0x000001a380661040
Event: 1.260 Thread 0x000001a38082a520 Thread added: 0x000001a38082a520
Event: 1.268 Thread 0x000001a38082ab90 Thread added: 0x000001a38082ab90
Event: 1.268 Thread 0x000001a38064a020 Thread added: 0x000001a38064a020
Event: 1.270 Thread 0x000001a38075ac90 Thread added: 0x000001a38075ac90
Event: 1.311 Thread 0x000001a38077e690 Thread added: 0x000001a38077e690
Event: 1.363 Thread 0x000001a38077ed20 Thread added: 0x000001a38077ed20
Event: 1.407 Thread 0x000001a380780760 Thread added: 0x000001a380780760
Event: 2.049 Thread 0x000001a3ff142950 Thread exited: 0x000001a3ff142950


Dynamic libraries:
0x00007ff70bc30000 - 0x00007ff70bc40000 	C:\Program Files\Java\jdk-21\bin\javaw.exe
0x00007ffac2b10000 - 0x00007ffac2d27000 	C:\Windows\SYSTEM32\ntdll.dll
0x00007ffac2020000 - 0x00007ffac20e4000 	C:\Windows\System32\KERNEL32.DLL
0x00007ffac0050000 - 0x00007ffac03f6000 	C:\Windows\System32\KERNELBASE.dll
0x00007ffac0400000 - 0x00007ffac0511000 	C:\Windows\System32\ucrtbase.dll
0x00007ffaa7ca0000 - 0x00007ffaa7cb9000 	C:\Program Files\Java\jdk-21\bin\jli.dll
0x00007ffaa7cc0000 - 0x00007ffaa7cdb000 	C:\Program Files\Java\jdk-21\bin\VCRUNTIME140.dll
0x00007ffac2a20000 - 0x00007ffac2ad0000 	C:\Windows\System32\ADVAPI32.dll
0x00007ffac2240000 - 0x00007ffac22e7000 	C:\Windows\System32\msvcrt.dll
0x00007ffac1e30000 - 0x00007ffac1ed6000 	C:\Windows\System32\sechost.dll
0x00007ffac0bf0000 - 0x00007ffac0d07000 	C:\Windows\System32\RPCRT4.dll
0x00007ffac2870000 - 0x00007ffac2a1e000 	C:\Windows\System32\USER32.dll
0x00007ffabfe90000 - 0x00007ffabfeb6000 	C:\Windows\System32\win32u.dll
0x00007ffa9e2f0000 - 0x00007ffa9e583000 	C:\Windows\WinSxS\amd64_microsoft.windows.common-controls_6595b64144ccf1df_6.0.22621.2361_none_2712ced57382f843\COMCTL32.dll
0x00007ffac27e0000 - 0x00007ffac2809000 	C:\Windows\System32\GDI32.dll
0x00007ffabff30000 - 0x00007ffac0048000 	C:\Windows\System32\gdi32full.dll
0x00007ffac05e0000 - 0x00007ffac067a000 	C:\Windows\System32\msvcp_win.dll
0x00007ffaa7f90000 - 0x00007ffaa7f9a000 	C:\Windows\SYSTEM32\VERSION.dll
0x00007ffac2810000 - 0x00007ffac2841000 	C:\Windows\System32\IMM32.DLL
0x00007ffaba930000 - 0x00007ffaba93c000 	C:\Program Files\Java\jdk-21\bin\vcruntime140_1.dll
0x00007ffa87350000 - 0x00007ffa873de000 	C:\Program Files\Java\jdk-21\bin\msvcp140.dll
0x00007ffa7a2a0000 - 0x00007ffa7afb5000 	C:\Program Files\Java\jdk-21\bin\server\jvm.dll
0x00007ffac2680000 - 0x00007ffac26f1000 	C:\Windows\System32\WS2_32.dll
0x00007ffabfbb0000 - 0x00007ffabfbfd000 	C:\Windows\SYSTEM32\POWRPROF.dll
0x00007ffab6340000 - 0x00007ffab6374000 	C:\Windows\SYSTEM32\WINMM.dll
0x00007ffabfb90000 - 0x00007ffabfba3000 	C:\Windows\SYSTEM32\UMPDC.dll
0x00007ffabee30000 - 0x00007ffabee48000 	C:\Windows\SYSTEM32\kernel.appcore.dll
0x00007ffab4c00000 - 0x00007ffab4c0a000 	C:\Program Files\Java\jdk-21\bin\jimage.dll
0x00007ffabd550000 - 0x00007ffabd77e000 	C:\Windows\SYSTEM32\DBGHELP.DLL
0x00007ffac22f0000 - 0x00007ffac267a000 	C:\Windows\System32\combase.dll
0x00007ffac2700000 - 0x00007ffac27d7000 	C:\Windows\System32\OLEAUT32.dll
0x00007ffa9dea0000 - 0x00007ffa9ded2000 	C:\Windows\SYSTEM32\dbgcore.DLL
0x00007ffac07f0000 - 0x00007ffac086a000 	C:\Windows\System32\bcryptPrimitives.dll
0x00007ffaa7c10000 - 0x00007ffaa7c2f000 	C:\Program Files\Java\jdk-21\bin\java.dll
0x00007ffac0fa0000 - 0x00007ffac17f8000 	C:\Windows\System32\SHELL32.dll
0x00007ffabdbc0000 - 0x00007ffabe4b2000 	C:\Windows\SYSTEM32\windows.storage.dll
0x00007ffabda80000 - 0x00007ffabdbbe000 	C:\Windows\SYSTEM32\wintypes.dll
0x00007ffac0af0000 - 0x00007ffac0be3000 	C:\Windows\System32\SHCORE.dll
0x00007ffac1dd0000 - 0x00007ffac1e2e000 	C:\Windows\System32\shlwapi.dll
0x00007ffabfdc0000 - 0x00007ffabfde6000 	C:\Windows\SYSTEM32\profapi.dll
0x00007ffa832d0000 - 0x00007ffa833a7000 	C:\Program Files\Java\jdk-21\bin\jsvml.dll
0x00007ffab46d0000 - 0x00007ffab46e0000 	C:\Program Files\Java\jdk-21\bin\net.dll
0x00007ffab8ba0000 - 0x00007ffab8cd7000 	C:\Windows\SYSTEM32\WINHTTP.dll
0x00007ffabf300000 - 0x00007ffabf369000 	C:\Windows\system32\mswsock.dll
0x00007ffaa7bf0000 - 0x00007ffaa7c06000 	C:\Program Files\Java\jdk-21\bin\nio.dll
0x00007ffaa7bd0000 - 0x00007ffaa7be8000 	C:\Program Files\Java\jdk-21\bin\zip.dll
0x00007ffabe740000 - 0x00007ffabe839000 	C:\Windows\SYSTEM32\DNSAPI.dll
0x00007ffabe710000 - 0x00007ffabe73d000 	C:\Windows\SYSTEM32\IPHLPAPI.DLL
0x00007ffac0ae0000 - 0x00007ffac0ae9000 	C:\Windows\System32\NSI.dll
0x00007ffab7760000 - 0x00007ffab776a000 	C:\Windows\System32\rasadhlp.dll
0x00007ffab9300000 - 0x00007ffab9384000 	C:\Windows\System32\fwpuclnt.dll
0x00007ffaae4d0000 - 0x00007ffaae4d7000 	C:\Program Files\Java\jdk-21\bin\extnet.dll
0x00007ffabf620000 - 0x00007ffabf63b000 	C:\Windows\SYSTEM32\CRYPTSP.dll
0x00007ffabedf0000 - 0x00007ffabee25000 	C:\Windows\system32\rsaenh.dll
0x00007ffabf3a0000 - 0x00007ffabf3cc000 	C:\Windows\SYSTEM32\USERENV.dll
0x00007ffabf760000 - 0x00007ffabf788000 	C:\Windows\SYSTEM32\bcrypt.dll
0x00007ffabf600000 - 0x00007ffabf60c000 	C:\Windows\SYSTEM32\CRYPTBASE.dll
0x00007ffab25b0000 - 0x00007ffab25be000 	C:\Program Files\Java\jdk-21\bin\sunmscapi.dll
0x00007ffac0680000 - 0x00007ffac07e6000 	C:\Windows\System32\CRYPT32.dll
0x00007ffabf730000 - 0x00007ffabf75d000 	C:\Windows\SYSTEM32\ncrypt.dll
0x00007ffabf6f0000 - 0x00007ffabf727000 	C:\Windows\SYSTEM32\NTASN1.dll
0x00007ffa87f80000 - 0x00007ffa87f88000 	C:\Windows\system32\wshunix.dll

dbghelp: loaded successfully - version: 4.0.5 - missing functions: none
symbol engine: initialized successfully - sym options: 0x614 - pdb path: .;C:\Program Files\Java\jdk-21\bin;C:\Windows\SYSTEM32;C:\Windows\WinSxS\amd64_microsoft.windows.common-controls_6595b64144ccf1df_6.0.22621.2361_none_2712ced57382f843;C:\Program Files\Java\jdk-21\bin\server

VM Arguments:
jvm_args: -ea -Dfile.encoding=UTF-8 -Dstdout.encoding=UTF-8 -Dstderr.encoding=UTF-8 -XX:+ShowCodeDetailsInExceptionMessages 
java_command: org.testng.remote.RemoteTestNG -serport 54824 -protocol json -d C:\Users\meghana.pemma\Downloads\EsignTest\EsignTest\test-output C:\Users\MEGHAN~1.PEM\AppData\Local\Temp\testng-eclipse-1015827993\testng-customsuite.xml
java_class_path (initial): C:\Users\meghana.pemma\eclipse\java-2023-122\eclipse\configuration\org.eclipse.osgi\520\0\.cp\lib\testng-remote.jar;C:\Users\meghana.pemma\Downloads\EsignTest\EsignTest\target\test-classes;C:\Users\meghana.pemma\Downloads\EsignTest\EsignTest\target\classes;C:\Users\meghana.pemma\.p2\pool\plugins\org.testng_7.4.0.r202105021533.jar;C:\Users\meghana.pemma\.p2\pool\plugins\com.beust.jcommander_1.78.0.jar;C:\Users\meghana.pemma\.p2\pool\plugins\org.apache-extras.beanshell.bsh_2.0.0.b6.jar;C:\Users\meghana.pemma\.p2\pool\plugins\org.yaml.snakeyaml_1.21.0.jar;C:\Users\meghana.pemma\.p2\pool\plugins\org.webjars.jquery_3.5.1.jar;C:\Users\meghana.pemma\.m2\repository\org\seleniumhq\selenium\selenium-java\4.20.0\selenium-java-4.20.0.jar;C:\Users\meghana.pemma\.m2\repository\org\seleniumhq\selenium\selenium-api\4.20.0\selenium-api-4.20.0.jar;C:\Users\meghana.pemma\.m2\repository\org\seleniumhq\selenium\selenium-devtools-v122\4.20.0\selenium-devtools-v122-4.20.0.jar;C:\Users\meghana.pemma\.m2\repository\org\seleniumhq\selenium\selenium-devtools-v123\4.20.0\selenium-devtools-v123-4.20.0.jar;C:\Users\meghana.pemma\.m2\repository\org\seleniumhq\selenium\selenium-devtools-v124\4.20.0\selenium-devtools-v124-4.20.0.jar;C:\Users\meghana.pemma\.m2\repository\org\seleniumhq\selenium\selenium-devtools-v85\4.20.0\selenium-devtools-v85-4.20.0.jar;C:\Users\meghana.pemma\.m2\repository\org\seleniumhq\selenium\selenium-edge-driver\4.20.0\selenium-edge-driver-4.20.0.jar;C:\Users\meghana.pemma\.m2\repository\org\seleniumhq\selenium\selenium-ie-driver\4.20.0\selenium-ie-driver-4.20.0.jar;C:\Users\meghana.pemma\.m2\repository\org\seleniumhq\selenium\selenium-remote-driver\4.20.0\selenium-remote-driver-4.20.0.jar;C:\Users\meghana.pemma\.m2\repository\com\google\guava\guava\33.1.0-jre\guava-33.1.0-jre.jar;C:\Users\meghana.pemma\.m2\repository\com\google\guava\failureaccess\1.0.2\failureaccess-1.0.2.jar;C:\Users\meghana.pemma\.m2\repository\com\google\guava\listenablefuture\9999.0-empty-to-avoid-conflict-with-guava\listenablefuture-9999.0-empty-to-avoid-conflict-with-guava.jar;C:\Users\meghana.pemma\.m2\repository\com\google\code\findbugs\jsr305\3.0.2\jsr305-3.0.2.jar;C:\Users\meghana.pemma\.m2\repository\org\checkerframework\checker-qual\3.42.0\checker-qual-3.42.0.jar;C:\Users\meghana.pemma\.m2\repository\com\google\errorprone\error_prone_annotations\2.26.1\error_prone_annotations-2.26.1.jar;C:\Users\meghana.pemma\.m2\repository\com\google\j2objc\j2objc-annotations\3.0.0\j2objc-annotations-3.0.0.jar;C:\Users\meghana.pemma\.m2\repository\io\opentelemetry\semconv\opentelemetry-semconv\1.25.0-alpha\opentelemetry-semconv-1.25.0-alpha.jar;C:\Users\meghana.pemma\.m2\repository\io\opentelemetry\opentelemetry-api\1.37.0\opentelemetry-api-1.37.0.jar;C:\Users\meghana.pemma\.m2\repository\io\opentelemetry\opentelemetry-context\1.37.0\opentelemetry-context-1.37.0.jar;C:\Users\meghana.pemma\.m2\repository\io\opentelemetry\opentelemetry-exporter-logging\1.37.0\opentelemetry-exporter-logging-1.37.0.jar;C:\Users\meghana.pemma\.m2\repository\io\opentelemetry\opentelemetry-sdk-common\1.37.0\opentelemetry-sdk-common-1.37.0.jar;C:\Users\meghana.pemma\.m2\repository\io\opentelemetry\opentelemetry-sdk-extension-autoconfigure-spi\1.37.0\opentelemetry-sdk-extension-autoconfigure-spi-1.37.0.jar;C:\Users\meghana.pemma\.m2\repository\io\opentelemetry\opentelemetry-sdk-extension-autoconfigure\1.37.0\opentelemetry-sdk-extension-autoconfigure-1.37.0.jar;C:\Users\meghana.pemma\.m2\repository\io\opentelemetry\opentelemetry-api-incubator\1.37.0-alpha\opentelemetry-api-incubator-1.37.0-alpha.jar;C:\Users\meghana.pemma\.m2\repository\io\opentelemetry\opentelemetry-sdk-trace\1.37.0\opentelemetry-sdk-trace-1.37.0.jar;C:\Users\meghana.pemma\.m2\repository\io\opentelemetry\opentelemetry-sdk\1.37.0\opentelemetry-sdk-1.37.0.jar;C:\Users\meghana.pemma\.m2\repository\io\opentelemetry\opentelemetry-sdk-metrics\1.37.0\opentelemetry-sdk-metrics-1.37.0.jar;C:\Users\meghana.pemma\.m2\repository\io\opentelemetry\opentelemetry-sdk-logs\1.37.0\opentelemetry-sdk-logs-1.37.0.jar;C:\Users\meghana.pemma\.m2\repository\net\bytebuddy\byte-buddy\1.14.14\byte-buddy-1.14.14.jar;C:\Users\meghana.pemma\.m2\repository\org\seleniumhq\selenium\selenium-os\4.20.0\selenium-os-4.20.0.jar;C:\Users\meghana.pemma\.m2\repository\org\apache\commons\commons-exec\1.4.0\commons-exec-1.4.0.jar;C:\Users\meghana.pemma\.m2\repository\org\seleniumhq\selenium\selenium-safari-driver\4.20.0\selenium-safari-driver-4.20.0.jar;C:\Users\meghana.pemma\.m2\repository\org\seleniumhq\selenium\selenium-support\4.20.0\selenium-support-4.20.0.jar;C:\Users\meghana.pemma\.m2\repository\org\seleniumhq\selenium\selenium-chrome-driver\4.20.0\selenium-chrome-driver-4.20.0.jar;C:\Users\meghana.pemma\.m2\repository\com\google\auto\service\auto-service-annotations\1.1.1\auto-service-annotations-1.1.1.jar;C:\Users\meghana.pemma\.m2\repository\org\seleniumhq\selenium\selenium-chromium-driver\4.20.0\selenium-chromium-driver-4.20.0.jar;C:\Users\meghana.pemma\.m2\repository\org\seleniumhq\selenium\selenium-json\4.20.0\selenium-json-4.20.0.jar;C:\Users\meghana.pemma\.m2\repository\org\seleniumhq\selenium\selenium-manager\4.20.0\selenium-manager-4.20.0.jar;C:\Users\meghana.pemma\.m2\repository\org\seleniumhq\selenium\selenium-firefox-driver\4.20.0\selenium-firefox-driver-4.20.0.jar;C:\Users\meghana.pemma\.m2\repository\org\seleniumhq\selenium\selenium-http\4.20.0\selenium-http-4.20.0.jar;C:\Users\meghana.pemma\.m2\repository\dev\failsafe\failsafe\3.3.2\failsafe-3.3.2.jar;C:\Users\meghana.pemma\.m2\repository\org\testng\testng\7.9.0\testng-7.9.0.jar;C:\Users\meghana.pemma\.m2\repository\com\beust\jcommander\1.82\jcommander-1.82.jar;C:\Users\meghana.pemma\.m2\repository\org\webjars\jquery\3.7.1\jquery-3.7.1.jar;C:\Users\meghana.pemma\.m2\repository\org\apache\tomcat\tomcat-util\11.0.0-M16\tomcat-util-11.0.0-M16.jar;C:\Users\meghana.pemma\.m2\repository\org\apache\tomcat\tomcat-juli\11.0.0-M16\tomcat-juli-11.0.0-M16.jar;C:\Users\meghana.pemma\.m2\repository\org\apache\maven\plugins\maven-surefire-plugin\3.2.5\maven-surefire-plugin-3.2.5.jar;C:\Users\meghana.pemma\.m2\repository\org\apache\maven\surefire\maven-surefire-common\3.2.5\maven-surefire-common-3.2.5.jar;C:\Users\meghana.pemma\.m2\repository\org\apache\maven\surefire\surefire-api\3.2.5\surefire-api-3.2.5.jar;C:\Users\meghana.pemma\.m2\repository\org\apache\maven\surefire\surefire-logger-api\3.2.5\surefire-logger-api-3.2.5.jar;C:\Users\meghana.pemma\.m2\repository\org\apache\maven\surefire\surefire-extensions-api\3.2.5\surefire-extensions-api-3.2.5.jar;C:\Users\meghana.pemma\.m2\repository\org\apache\maven\surefire\surefire-booter\3.2.5\surefire-booter-3.2.5.jar;C:\Users\meghana.pemma\.m2\repository\org\apache\maven\surefire\surefire-extensions-spi\3.2.5\surefire-extensions-spi-3.2.5.jar;C:\Users\meghana.pemma\.m2\repository\org\eclipse\aether\aether-util\1.0.0.v20140518\aether-util-1.0.0.v20140518.jar;C:\Users\meghana.pemma\.m2\repository\org\eclipse\aether\aether-api\1.0.0.v20140518\aether-api-1.0.0.v20140518.jar;C:\Users\meghana.pemma\.m2\repository\org\apache\maven\shared\maven-common-artifact-filters\3.1.1\maven-common-artifact-filters-3.1.1.jar;C:\Users\meghana.pemma\.m2\repository\org\apache\maven\maven-artifact\3.1.0\maven-artifact-3.1.0.jar;C:\Users\meghana.pemma\.m2\repository\org\codehaus\plexus\plexus-utils\3.0.10\plexus-utils-3.0.10.jar;C:\Users\meghana.pemma\.m2\repository\org\apache\maven\maven-core\3.1.0\maven-core-3.1.0.jar;C:\Users\meghana.pemma\.m2\repository\org\apache\maven\maven-settings\3.1.0\maven-settings-3.1.0.jar;C:\Users\meghana.pemma\.m2\repository\org\apache\maven\maven-settings-builder\3.1.0\maven-settings-builder-3.1.0.jar;C:\Users\meghana.pemma\.m2\repository\org\apache\maven\maven-repository-metadata\3.1.0\maven-repository-metadata-3.1.0.jar;C:\Users\meghana.pemma\.m2\repository\org\apache\maven\maven-model-builder\3.1.0\maven-model-builder-3.1.0.jar;C:\Users\meghana.pemma\.m2\repository\org\apache\maven\maven-aether-provider\3.1.0\maven-aether-provider-3.1.0.jar;C:\Users\meghana.pemma\.m2\repository\org\eclipse\aether\aether-spi\0.9.0.M2\aether-spi-0.9.0.M2.jar;C:\Users\meghana.pemma\.m2\repository\org\eclipse\aether\aether-impl\0.9.0.M2\aether-impl-0.9.0.M2.jar;C:\Users\meghana.pemma\.m2\repository\org\eclipse\sisu\org.eclipse.sisu.plexus\0.0.0.M2a\org.eclipse.sisu.plexus-0.0.0.M2a.jar;C:\Users\meghana.pemma\.m2\repository\javax\enterprise\cdi-api\1.0\cdi-api-1.0.jar;C:\Users\meghana.pemma\.m2\repository\javax\annotation\jsr250-api\1.0\jsr250-api-1.0.jar;C:\Users\meghana.pemma\.m2\repository\javax\inject\javax.inject\1\javax.inject-1.jar;C:\Users\meghana.pemma\.m2\repository\org\sonatype\sisu\sisu-guice\3.1.0\sisu-guice-3.1.0-no_aop.jar;C:\Users\meghana.pemma\.m2\repository\aopalliance\aopalliance\1.0\aopalliance-1.0.jar;C:\Users\meghana.pemma\.m2\repository\org\eclipse\sisu\org.eclipse.sisu.inject\0.0.0.M2a\org.eclipse.sisu.inject-0.0.0.M2a.jar;C:\Users\meghana.pemma\.m2\repository\asm\asm\3.3.1\asm-3.3.1.jar;C:\Users\meghana.pemma\.m2\repository\org\codehaus\plexus\plexus-interpolation\1.16\plexus-interpolation-1.16.jar;C:\Users\meghana.pemma\.m2\repository\org\codehaus\plexus\plexus-classworlds\2.4.2\plexus-classworlds-2.4.2.jar;C:\Users\meghana.pemma\.m2\repository\org\codehaus\plexus\plexus-component-annotations\1.5.5\plexus-component-annotations-1.5.5.jar;C:\Users\meghana.pemma\.m2\repository\org\sonatype\plexus\plexus-sec-dispatcher\1.3\plexus-sec-dispatcher-1.3.jar;C:\Users\meghana.pemma\.m2\repository\org\sonatype\plexus\plexus-cipher\1.4\plexus-cipher-1.4.jar;C:\Users\meghana.pemma\.m2\repository\org\apache\maven\maven-plugin-api\3.1.0\maven-plugin-api-3.1.0.jar;C:\Users\meghana.pemma\.m2\repository\commons-io\commons-io\2.6\commons-io-2.6.jar;C:\Users\meghana.pemma\.m2\repository\org\codehaus\plexus\plexus-java\1.2.0\plexus-java-1.2.0.jar;C:\Users\meghana.pemma\.m2\repository\org\ow2\asm\asm\9.6\asm-9.6.jar;C:\Users\meghana.pemma\.m2\repository\com\thoughtworks\qdox\qdox\2.0.3\qdox-2.0.3.jar;C:\Users\meghana.pemma\.m2\repository\org\apache\maven\surefire\surefire-shared-utils\3.2.5\surefire-shared-utils-3.2.5.jar;C:\Users\meghana.pemma\.m2\repository\ch\qos\logback\logback-classic\1.4.14\logback-classic-1.4.14.jar;C:\Users\meghana.pemma\.m2\repository\ch\qos\logback\logback-core\1.4.14\logback-core-1.4.14.jar;C:\Users\meghana.pemma\.m2\repository\tomcat\tomcat-util\5.5.23\tomcat-util-5.5.23.jar;C:\Users\meghana.pemma\.m2\repository\tomcat\tomcat-apr\5.5.23\tomcat-apr-5.5.23.jar;C:\Users\meghana.pemma\.m2\repository\commons-logging\commons-logging-api\1.0.4\commons-logging-api-1.0.4.jar;C:\Users\meghana.pemma\.m2\repository\org\apache\tomcat\tomcat-util-scan\11.0.0-M16\tomcat-util-scan-11.0.0-M16.jar;C:\Users\meghana.pemma\.m2\repository\org\apache\tomcat\tomcat-api\11.0.0-M16\tomcat-api-11.0.0-M16.jar;C:\Users\meghana.pemma\.m2\repository\org\apache\tomcat\tomcat-catalina\11.0.0-M16\tomcat-catalina-11.0.0-M16.jar;C:\Users\meghana.pemma\.m2\repository\org\apache\tomcat\tomcat-servlet-api\11.0.0-M16\tomcat-servlet-api-11.0.0-M16.jar;C:\Users\meghana.pemma\.m2\repository\org\apache\tomcat\tomcat-jsp-api\11.0.0-M16\tomcat-jsp-api-11.0.0-M16.jar;C:\Users\meghana.pemma\.m2\repository\org\apache\tomcat\tomcat-el-api\11.0.0-M16\tomcat-el-api-11.0.0-M16.jar;C:\Users\meghana.pemma\.m2\repository\org\apache\tomcat\tomcat-annotations-api\11.0.0-M16\tomcat-annotations-api-11.0.0-M16.jar;C:\Users\meghana.pemma\.m2\repository\org\apache\tomcat\tomcat-jni\11.0.0-M16\tomcat-jni-11.0.0-M16.jar;C:\Users\meghana.pemma\.m2\repository\org\apache\tomcat\tomcat-jaspic-api\11.0.0-M16\tomcat-jaspic-api-11.0.0-M16.jar;C:\Users\meghana.pemma\.m2\repository\org\apache\logging\log4j\log4j-core\2.22.1\log4j-core-2.22.1.jar;C:\Users\meghana.pemma\.m2\repository\org\apache\logging\log4j\log4j-api\2.22.1\log4j-api-2.22.1.jar;C:\Users\meghana.pemma\.m2\repository\org\apache\tomcat\embed\tomcat-embed-core\11.0.0-M16\tomcat-embed-core-11.0.0-M16.jar;C:\Users\meghana.pemma\.m2\repository\org\apache\tomcat\tomcat-jdbc\11.0.0-M16\tomcat-jdbc-11.0.0-M16.jar;C:\Users\meghana.pemma\.m2\repository\org\apache\tomcat\tomcat-coyote\11.0.0-M16\tomcat-coyote-11.0.0-M16.jar;C:\Users\meghana.pemma\.m2\repository\org\slf4j\slf4j-api\2.0.11\slf4j-api-2.0.11.jar;C:\Users\meghana.pemma\.m2\repository\io\github\bonigarcia\webdrivermanager\5.6.2\webdrivermanager-5.6.2.jar;C:\Users\meghana.pemma\.m2\repository\com\google\code\gson\gson\2.10.1\gson-2.10.1.jar;C:\Users\meghana.pemma\.m2\repository\com\github\docker-java\docker-java\3.3.4\docker-java-3.3.4.jar;C:\Users\meghana.pemma\.m2\repository\com\github\docker-java\docker-java-core\3.3.4\docker-java-core-3.3.4.jar;C:\Users\meghana.pemma\.m2\repository\com\github\docker-java\docker-java-api\3.3.4\docker-java-api-3.3.4.jar;C:\Users\meghana.pemma\.m2\repository\com\fasterxml\jackson\core\jackson-annotations\2.10.3\jackson-annotations-2.10.3.jar;C:\Users\meghana.pemma\.m2\repository\com\fasterxml\jackson\core\jackson-databind\2.10.3\jackson-databind-2.10.3.jar;C:\Users\meghana.pemma\.m2\repository\com\fasterxml\jackson\core\jackson-core\2.10.3\jackson-core-2.10.3.jar;C:\Users\meghana.pemma\.m2\repository\org\bouncycastle\bcpkix-jdk18on\1.76\bcpkix-jdk18on-1.76.jar;C:\Users\meghana.pemma\.m2\repository\org\bouncycastle\bcprov-jdk18on\1.76\bcprov-jdk18on-1.76.jar;C:\Users\meghana.pemma\.m2\repository\org\bouncycastle\bcutil-jdk18on\1.76\bcutil-jdk18on-1.76.jar;C:\Users\meghana.pemma\.m2\repository\org\slf4j\jcl-over-slf4j\1.7.30\jcl-over-slf4j-1.7.30.jar;C:\Users\meghana.pemma\.m2\repository\com\github\docker-java\docker-java-transport-httpclient5\3.3.4\docker-java-transport-httpclient5-3.3.4.jar;C:\Users\meghana.pemma\.m2\repository\com\github\docker-java\docker-java-transport\3.3.4\docker-java-transport-3.3.4.jar;C:\Users\meghana.pemma\.m2\repository\net\java\dev\jna\jna\5.13.0\jna-5.13.0.jar;C:\Users\meghana.pemma\.m2\repository\org\brotli\dec\0.1.2\dec-0.1.2.jar;C:\Users\meghana.pemma\.m2\repository\org\apache\commons\commons-lang3\3.13.0\commons-lang3-3.13.0.jar;C:\Users\meghana.pemma\.m2\repository\org\apache\commons\commons-compress\1.24.0\commons-compress-1.24.0.jar;C:\Users\meghana.pemma\.m2\repository\org\apache\httpcomponents\client5\httpclient5\5.2.1\httpclient5-5.2.1.jar;C:\Users\meghana.pemma\.m2\repository\org\apache\httpcomponents\core5\httpcore5\5.2\httpcore5-5.2.jar;C:\Users\meghana.pemma\.m2\repository\org\apache\httpcomponents\core5\httpcore5-h2\5.2\httpcore5-h2-5.2.jar;C:\Users\meghana.pemma\.m2\repository\com\mysql\mysql-connector-j\8.2.0\mysql-connector-j-8.2.0.jar;C:\Users\meghana.pemma\.m2\repository\com\google\protobuf\protobuf-java\3.21.9\protobuf-java-3.21.9.jar
Launcher Type: SUN_STANDARD

[Global flags]
     intx CICompilerCount                          = 4                                         {product} {ergonomic}
     uint ConcGCThreads                            = 3                                         {product} {ergonomic}
     uint G1ConcRefinementThreads                  = 10                                        {product} {ergonomic}
   size_t G1HeapRegionSize                         = 4194304                                   {product} {ergonomic}
    uintx GCDrainStackTargetSize                   = 64                                        {product} {ergonomic}
   size_t InitialHeapSize                          = 532676608                                 {product} {ergonomic}
   size_t MarkStackSize                            = 4194304                                   {product} {ergonomic}
   size_t MaxHeapSize                              = 8510242816                                {product} {ergonomic}
   size_t MaxNewSize                               = 5104467968                                {product} {ergonomic}
   size_t MinHeapDeltaBytes                        = 4194304                                   {product} {ergonomic}
   size_t MinHeapSize                              = 8388608                                   {product} {ergonomic}
    uintx NonNMethodCodeHeapSize                   = 5839372                                {pd product} {ergonomic}
    uintx NonProfiledCodeHeapSize                  = 122909434                              {pd product} {ergonomic}
    uintx ProfiledCodeHeapSize                     = 122909434                              {pd product} {ergonomic}
    uintx ReservedCodeCacheSize                    = 251658240                              {pd product} {ergonomic}
     bool SegmentedCodeCache                       = true                                      {product} {ergonomic}
     bool ShowCodeDetailsInExceptionMessages       = true                                   {manageable} {command line}
   size_t SoftMaxHeapSize                          = 8510242816                             {manageable} {ergonomic}
     bool UseCompressedOops                        = true                           {product lp64_product} {ergonomic}
     bool UseG1GC                                  = true                                      {product} {ergonomic}
     bool UseLargePagesIndividualAllocation        = false                                  {pd product} {ergonomic}

Logging:
Log output configuration:
 #0: stdout all=warning uptime,level,tags foldmultilines=false
 #1: stderr all=off uptime,level,tags foldmultilines=false

Environment Variables:
PATH=C:\Program Files\Common Files\Oracle\Java\javapath;C:\Python312\Scripts\;C:\Python312\;C:\Windows\system32;C:\Windows;C:\Windows\System32\Wbem;C:\Windows\System32\WindowsPowerShell\v1.0\;C:\Windows\System32\OpenSSH\;C:\Program Files\dotnet\;C:\Program Files\nodejs\;C:\ProgramData\chocolatey\bin;C:\Users\meghana.pemma\AppData\Local\Microsoft\WindowsApps;C:\Users\meghana.pemma\AppData\Local\Programs\Microsoft VS Code\bin;C:\Users\meghana.pemma\AppData\Roaming\npm;C:\Users\meghana.pemma\AppData\Local\Programs\Git\cmd
USERNAME=meghana.pemma
OS=Windows_NT
PROCESSOR_IDENTIFIER=Intel64 Family 6 Model 186 Stepping 3, GenuineIntel
TMP=C:\Users\MEGHAN~1.PEM\AppData\Local\Temp
TEMP=C:\Users\MEGHAN~1.PEM\AppData\Local\Temp




Periodic native trim disabled

---------------  S Y S T E M  ---------------

OS:
 Windows 11 , 64 bit Build 22621 (10.0.22621.2361)
OS uptime: 1 days 1:55 hours
Hyper-V role detected

CPU: total 12 (initial active 12) (6 cores per cpu, 2 threads per core) family 6 model 186 stepping 3 microcode 0x4114, cx8, cmov, fxsr, ht, mmx, 3dnowpref, sse, sse2, sse3, ssse3, sse4.1, sse4.2, popcnt, lzcnt, tsc, tscinvbit, avx, avx2, aes, erms, clmul, bmi1, bmi2, adx, sha, fma, vzeroupper, clflush, clflushopt, clwb, hv, serialize, rdtscp, rdpid, fsrm, f16c, cet_ibt, cet_ss
Processor Information for processor 0
  Max Mhz: 1700, Current Mhz: 1700, Mhz Limit: 1700
Processor Information for processor 1
  Max Mhz: 1700, Current Mhz: 1700, Mhz Limit: 1700
Processor Information for processor 2
  Max Mhz: 1700, Current Mhz: 1700, Mhz Limit: 1700
Processor Information for processor 3
  Max Mhz: 1700, Current Mhz: 1700, Mhz Limit: 1700
Processor Information for processor 4
  Max Mhz: 1700, Current Mhz: 1200, Mhz Limit: 1190
Processor Information for processor 5
  Max Mhz: 1700, Current Mhz: 1200, Mhz Limit: 1190
Processor Information for processor 6
  Max Mhz: 1700, Current Mhz: 1200, Mhz Limit: 1190
Processor Information for processor 7
  Max Mhz: 1700, Current Mhz: 1200, Mhz Limit: 1190
Processor Information for processor 8
  Max Mhz: 1700, Current Mhz: 1200, Mhz Limit: 1190
Processor Information for processor 9
  Max Mhz: 1700, Current Mhz: 1200, Mhz Limit: 1190
Processor Information for processor 10
  Max Mhz: 1700, Current Mhz: 1200, Mhz Limit: 1190
Processor Information for processor 11
  Max Mhz: 1700, Current Mhz: 1200, Mhz Limit: 1190

Memory: 4k page, system-wide physical 32452M (610M free)
TotalPageFile size 93394M (AvailPageFile size 1M)
current process WorkingSet (physical memory assigned to process): 117M, peak: 122M
current process commit charge ("private bytes"): 641M, peak: 647M

vm_info: Java HotSpot(TM) 64-Bit Server VM (21.0.1+12-LTS-29) for windows-amd64 JRE (21.0.1+12-LTS-29), built on 2023-10-05T13:27:09Z by "mach5one" with MS VC++ 17.1 (VS2022)

END.
