#
# There is insufficient memory for the Java Runtime Environment to continue.
# Native memory allocation (mmap) failed to map 532676608 bytes for G1 virtual space
# Possible reasons:
#   The system is out of physical RAM or swap space
#   The process is running with CompressedOops enabled, and the Java Heap may be blocking the growth of the native heap
# Possible solutions:
#   Reduce memory load on the system
#   Increase physical memory or swap space
#   Check if swap backing store is full
#   Decrease Java heap size (-Xmx/-Xms)
#   Decrease number of Java threads
#   Decrease Java thread stack sizes (-Xss)
#   Set larger code cache with -XX:ReservedCodeCacheSize=
#   JVM is running with Zero Based Compressed Oops mode in which the Java heap is
#     placed in the first 32GB address space. The Java Heap base address is the
#     maximum limit for the native heap growth. Please use -XX:HeapBaseMinAddress
#     to set the Java Heap base and to place the Java Heap above 32GB virtual address.
# This output file may be truncated or incomplete.
#
#  Out of Memory Error (os_windows.cpp:3600), pid=4736, tid=17944
#
# JRE version:  (21.0.1+12) (build )
# Java VM: Java HotSpot(TM) 64-Bit Server VM (21.0.1+12-LTS-29, mixed mode, sharing, tiered, compressed oops, compressed class ptrs, g1 gc, windows-amd64)
# No core dump will be written. Minidumps are not enabled by default on client versions of Windows
#

---------------  S U M M A R Y ------------

Command Line: -ea -Dfile.encoding=UTF-8 -Dstdout.encoding=UTF-8 -Dstderr.encoding=UTF-8 -XX:+ShowCodeDetailsInExceptionMessages org.testng.remote.RemoteTestNG -serport 57214 -protocol json -d C:\Users\meghana.pemma\Downloads\EsignTest\EsignTest\test-output C:\Users\MEGHAN~1.PEM\AppData\Local\Temp\testng-eclipse--17033980\testng-customsuite.xml

Host: 13th Gen Intel(R) Core(TM) i7-1355U, 12 cores, 31G,  Windows 11 , 64 bit Build 22621 (10.0.22621.2361)
Time: Thu May  9 12:18:59 2024 India Standard Time elapsed time: 0.016396 seconds (0d 0h 0m 0s)

---------------  T H R E A D  ---------------

Current thread (0x000001aa90c40590):  JavaThread "Unknown thread" [_thread_in_vm, id=17944, stack(0x00000070d8700000,0x00000070d8800000) (1024K)]

Stack: [0x00000070d8700000,0x00000070d8800000]
Native frames: (J=compiled Java code, j=interpreted, Vv=VM code, C=native code)
V  [jvm.dll+0x6c9029]
V  [jvm.dll+0x854b81]
V  [jvm.dll+0x856e5e]
V  [jvm.dll+0x857543]
V  [jvm.dll+0x280c06]
V  [jvm.dll+0x6c5715]
V  [jvm.dll+0x6ba10a]
V  [jvm.dll+0x3557ea]
V  [jvm.dll+0x35d436]
V  [jvm.dll+0x3ae1be]
V  [jvm.dll+0x3ae468]
V  [jvm.dll+0x3291fc]
V  [jvm.dll+0x329d8b]
V  [jvm.dll+0x81d179]
V  [jvm.dll+0x3bb4f1]
V  [jvm.dll+0x805ae8]
V  [jvm.dll+0x44effe]
V  [jvm.dll+0x450901]
C  [jli.dll+0x52a3]
C  [ucrtbase.dll+0x29363]
C  [KERNEL32.DLL+0x1257d]
C  [ntdll.dll+0x5aa78]


---------------  P R O C E S S  ---------------

Threads class SMR info:
_java_thread_list=0x00007ffa722d9b88, length=0, elements={
}

Java Threads: ( => current thread )
Total: 0

Other Threads:
  0x000001aa90c174a0 WorkerThread "GC Thread#0"                     [id=14504, stack(0x00000070d8800000,0x00000070d8900000) (1024K)]
  0x000001aab47a3ff0 ConcurrentGCThread "G1 Main Marker"            [id=13164, stack(0x00000070d8900000,0x00000070d8a00000) (1024K)]
  0x000001aa90c16620 WorkerThread "G1 Conc#0"                       [id=7292, stack(0x00000070d8a00000,0x00000070d8b00000) (1024K)]

[error occurred during error reporting (printing all threads), id 0xc0000005, EXCEPTION_ACCESS_VIOLATION (0xc0000005) at pc=0x00007ffa71a4c2c7]
VM state: not at safepoint (not fully initialized)

VM Mutex/Monitor currently owned by a thread:  ([mutex/lock_event])
[0x00007ffa7234a6f8] Heap_lock - owner thread: 0x000001aa90c40590

Heap address: 0x0000000604c00000, size: 8116 MB, Compressed Oops mode: Zero based, Oop shift amount: 3

CDS archive(s) mapped at: [0x0000000000000000-0x0000000000000000-0x0000000000000000), size 0, SharedBaseAddress: 0x0000000800000000, ArchiveRelocationMode: 1.
Narrow klass base: 0x0000000000000000, Narrow klass shift: 0, Narrow klass range: 0x0

GC Precious Log:
 CardTable entry size: 512
 Card Set container configuration: InlinePtr #cards 4 size 8 Array Of Cards #cards 32 size 80 Howl #buckets 8 coarsen threshold 7372 Howl Bitmap #cards 1024 size 144 coarsen threshold 921 Card regions per heap region 1 cards per card region 8192

Heap:
 garbage-first heap   total 0K, used 0K [0x0000000604c00000, 0x0000000800000000)
  region size 4096K, 0 young (0K), 0 survivors (0K)

[error occurred during error reporting (printing heap information), id 0xc0000005, EXCEPTION_ACCESS_VIOLATION (0xc0000005) at pc=0x00007ffa71e31be9]
GC Heap History (0 events):
No events

Dll operation events (1 events):
Event: 0.010 Loaded shared library C:\Program Files\Java\jdk-21\bin\java.dll

Deoptimization events (0 events):
No events

Classes loaded (0 events):
No events

Classes unloaded (0 events):
No events

Classes redefined (0 events):
No events

Internal exceptions (0 events):
No events

ZGC Phase Switch (0 events):
No events

VM Operations (0 events):
No events

Events (0 events):
No events


Dynamic libraries:
0x00007ff6d5800000 - 0x00007ff6d5810000 	C:\Program Files\Java\jdk-21\bin\javaw.exe
0x00007ffac2b10000 - 0x00007ffac2d27000 	C:\Windows\SYSTEM32\ntdll.dll
0x00007ffac2020000 - 0x00007ffac20e4000 	C:\Windows\System32\KERNEL32.DLL
0x00007ffac0050000 - 0x00007ffac03f6000 	C:\Windows\System32\KERNELBASE.dll
0x00007ffac0400000 - 0x00007ffac0511000 	C:\Windows\System32\ucrtbase.dll
0x00007ffab64e0000 - 0x00007ffab64fb000 	C:\Program Files\Java\jdk-21\bin\VCRUNTIME140.dll
0x00007ffaba9f0000 - 0x00007ffabaa09000 	C:\Program Files\Java\jdk-21\bin\jli.dll
0x00007ffac2a20000 - 0x00007ffac2ad0000 	C:\Windows\System32\ADVAPI32.dll
0x00007ffac2240000 - 0x00007ffac22e7000 	C:\Windows\System32\msvcrt.dll
0x00007ffac1e30000 - 0x00007ffac1ed6000 	C:\Windows\System32\sechost.dll
0x00007ffac0bf0000 - 0x00007ffac0d07000 	C:\Windows\System32\RPCRT4.dll
0x00007ffac2870000 - 0x00007ffac2a1e000 	C:\Windows\System32\USER32.dll
0x00007ffabfe90000 - 0x00007ffabfeb6000 	C:\Windows\System32\win32u.dll
0x00007ffac27e0000 - 0x00007ffac2809000 	C:\Windows\System32\GDI32.dll
0x00007ffa9e2f0000 - 0x00007ffa9e583000 	C:\Windows\WinSxS\amd64_microsoft.windows.common-controls_6595b64144ccf1df_6.0.22621.2361_none_2712ced57382f843\COMCTL32.dll
0x00007ffabff30000 - 0x00007ffac0048000 	C:\Windows\System32\gdi32full.dll
0x00007ffac05e0000 - 0x00007ffac067a000 	C:\Windows\System32\msvcp_win.dll
0x00007ffaa7f90000 - 0x00007ffaa7f9a000 	C:\Windows\SYSTEM32\VERSION.dll
0x00007ffac2810000 - 0x00007ffac2841000 	C:\Windows\System32\IMM32.DLL
0x00007ffabaa90000 - 0x00007ffabaa9c000 	C:\Program Files\Java\jdk-21\bin\vcruntime140_1.dll
0x00007ffaa9da0000 - 0x00007ffaa9e2e000 	C:\Program Files\Java\jdk-21\bin\msvcp140.dll
0x00007ffa71710000 - 0x00007ffa72425000 	C:\Program Files\Java\jdk-21\bin\server\jvm.dll
0x00007ffac2680000 - 0x00007ffac26f1000 	C:\Windows\System32\WS2_32.dll
0x00007ffabfbb0000 - 0x00007ffabfbfd000 	C:\Windows\SYSTEM32\POWRPROF.dll
0x00007ffab6340000 - 0x00007ffab6374000 	C:\Windows\SYSTEM32\WINMM.dll
0x00007ffabfb90000 - 0x00007ffabfba3000 	C:\Windows\SYSTEM32\UMPDC.dll
0x00007ffabee30000 - 0x00007ffabee48000 	C:\Windows\SYSTEM32\kernel.appcore.dll
0x00007ffaba910000 - 0x00007ffaba91a000 	C:\Program Files\Java\jdk-21\bin\jimage.dll
0x00007ffabd550000 - 0x00007ffabd77e000 	C:\Windows\SYSTEM32\DBGHELP.DLL
0x00007ffac22f0000 - 0x00007ffac267a000 	C:\Windows\System32\combase.dll
0x00007ffac2700000 - 0x00007ffac27d7000 	C:\Windows\System32\OLEAUT32.dll
0x00007ffa9dea0000 - 0x00007ffa9ded2000 	C:\Windows\SYSTEM32\dbgcore.DLL
0x00007ffac07f0000 - 0x00007ffac086a000 	C:\Windows\System32\bcryptPrimitives.dll
0x00007ffab6410000 - 0x00007ffab642f000 	C:\Program Files\Java\jdk-21\bin\java.dll

dbghelp: loaded successfully - version: 4.0.5 - missing functions: none
symbol engine: initialized successfully - sym options: 0x614 - pdb path: .;C:\Program Files\Java\jdk-21\bin;C:\Windows\SYSTEM32;C:\Windows\WinSxS\amd64_microsoft.windows.common-controls_6595b64144ccf1df_6.0.22621.2361_none_2712ced57382f843;C:\Program Files\Java\jdk-21\bin\server

VM Arguments:
jvm_args: -ea -Dfile.encoding=UTF-8 -Dstdout.encoding=UTF-8 -Dstderr.encoding=UTF-8 -XX:+ShowCodeDetailsInExceptionMessages 
java_command: org.testng.remote.RemoteTestNG -serport 57214 -protocol json -d C:\Users\meghana.pemma\Downloads\EsignTest\EsignTest\test-output C:\Users\MEGHAN~1.PEM\AppData\Local\Temp\testng-eclipse--17033980\testng-customsuite.xml
java_class_path (initial): C:\Users\meghana.pemma\eclipse\java-2023-122\eclipse\configuration\org.eclipse.osgi\520\0\.cp\lib\testng-remote.jar;C:\Users\meghana.pemma\Downloads\EsignTest\EsignTest\target\test-classes;C:\Users\meghana.pemma\Downloads\EsignTest\EsignTest\target\classes;C:\Users\meghana.pemma\.p2\pool\plugins\org.testng_7.4.0.r202105021533.jar;C:\Users\meghana.pemma\.p2\pool\plugins\com.beust.jcommander_1.78.0.jar;C:\Users\meghana.pemma\.p2\pool\plugins\org.apache-extras.beanshell.bsh_2.0.0.b6.jar;C:\Users\meghana.pemma\.p2\pool\plugins\org.yaml.snakeyaml_1.21.0.jar;C:\Users\meghana.pemma\.p2\pool\plugins\org.webjars.jquery_3.5.1.jar;C:\Users\meghana.pemma\.m2\repository\org\seleniumhq\selenium\selenium-java\4.20.0\selenium-java-4.20.0.jar;C:\Users\meghana.pemma\.m2\repository\org\seleniumhq\selenium\selenium-api\4.20.0\selenium-api-4.20.0.jar;C:\Users\meghana.pemma\.m2\repository\org\seleniumhq\selenium\selenium-devtools-v122\4.20.0\selenium-devtools-v122-4.20.0.jar;C:\Users\meghana.pemma\.m2\repository\org\seleniumhq\selenium\selenium-devtools-v123\4.20.0\selenium-devtools-v123-4.20.0.jar;C:\Users\meghana.pemma\.m2\repository\org\seleniumhq\selenium\selenium-devtools-v124\4.20.0\selenium-devtools-v124-4.20.0.jar;C:\Users\meghana.pemma\.m2\repository\org\seleniumhq\selenium\selenium-devtools-v85\4.20.0\selenium-devtools-v85-4.20.0.jar;C:\Users\meghana.pemma\.m2\repository\org\seleniumhq\selenium\selenium-edge-driver\4.20.0\selenium-edge-driver-4.20.0.jar;C:\Users\meghana.pemma\.m2\repository\org\seleniumhq\selenium\selenium-ie-driver\4.20.0\selenium-ie-driver-4.20.0.jar;C:\Users\meghana.pemma\.m2\repository\org\seleniumhq\selenium\selenium-remote-driver\4.20.0\selenium-remote-driver-4.20.0.jar;C:\Users\meghana.pemma\.m2\repository\com\google\guava\guava\33.1.0-jre\guava-33.1.0-jre.jar;C:\Users\meghana.pemma\.m2\repository\com\google\guava\failureaccess\1.0.2\failureaccess-1.0.2.jar;C:\Users\meghana.pemma\.m2\repository\com\google\guava\listenablefuture\9999.0-empty-to-avoid-conflict-with-guava\listenablefuture-9999.0-empty-to-avoid-conflict-with-guava.jar;C:\Users\meghana.pemma\.m2\repository\com\google\code\findbugs\jsr305\3.0.2\jsr305-3.0.2.jar;C:\Users\meghana.pemma\.m2\repository\org\checkerframework\checker-qual\3.42.0\checker-qual-3.42.0.jar;C:\Users\meghana.pemma\.m2\repository\com\google\errorprone\error_prone_annotations\2.26.1\error_prone_annotations-2.26.1.jar;C:\Users\meghana.pemma\.m2\repository\com\google\j2objc\j2objc-annotations\3.0.0\j2objc-annotations-3.0.0.jar;C:\Users\meghana.pemma\.m2\repository\io\opentelemetry\semconv\opentelemetry-semconv\1.25.0-alpha\opentelemetry-semconv-1.25.0-alpha.jar;C:\Users\meghana.pemma\.m2\repository\io\opentelemetry\opentelemetry-api\1.37.0\opentelemetry-api-1.37.0.jar;C:\Users\meghana.pemma\.m2\repository\io\opentelemetry\opentelemetry-context\1.37.0\opentelemetry-context-1.37.0.jar;C:\Users\meghana.pemma\.m2\repository\io\opentelemetry\opentelemetry-exporter-logging\1.37.0\opentelemetry-exporter-logging-1.37.0.jar;C:\Users\meghana.pemma\.m2\repository\io\opentelemetry\opentelemetry-sdk-common\1.37.0\opentelemetry-sdk-common-1.37.0.jar;C:\Users\meghana.pemma\.m2\repository\io\opentelemetry\opentelemetry-sdk-extension-autoconfigure-spi\1.37.0\opentelemetry-sdk-extension-autoconfigure-spi-1.37.0.jar;C:\Users\meghana.pemma\.m2\repository\io\opentelemetry\opentelemetry-sdk-extension-autoconfigure\1.37.0\opentelemetry-sdk-extension-autoconfigure-1.37.0.jar;C:\Users\meghana.pemma\.m2\repository\io\opentelemetry\opentelemetry-api-incubator\1.37.0-alpha\opentelemetry-api-incubator-1.37.0-alpha.jar;C:\Users\meghana.pemma\.m2\repository\io\opentelemetry\opentelemetry-sdk-trace\1.37.0\opentelemetry-sdk-trace-1.37.0.jar;C:\Users\meghana.pemma\.m2\repository\io\opentelemetry\opentelemetry-sdk\1.37.0\opentelemetry-sdk-1.37.0.jar;C:\Users\meghana.pemma\.m2\repository\io\opentelemetry\opentelemetry-sdk-metrics\1.37.0\opentelemetry-sdk-metrics-1.37.0.jar;C:\Users\meghana.pemma\.m2\repository\io\opentelemetry\opentelemetry-sdk-logs\1.37.0\opentelemetry-sdk-logs-1.37.0.jar;C:\Users\meghana.pemma\.m2\repository\net\bytebuddy\byte-buddy\1.14.14\byte-buddy-1.14.14.jar;C:\Users\meghana.pemma\.m2\repository\org\seleniumhq\selenium\selenium-os\4.20.0\selenium-os-4.20.0.jar;C:\Users\meghana.pemma\.m2\repository\org\apache\commons\commons-exec\1.4.0\commons-exec-1.4.0.jar;C:\Users\meghana.pemma\.m2\repository\org\seleniumhq\selenium\selenium-safari-driver\4.20.0\selenium-safari-driver-4.20.0.jar;C:\Users\meghana.pemma\.m2\repository\org\seleniumhq\selenium\selenium-support\4.20.0\selenium-support-4.20.0.jar;C:\Users\meghana.pemma\.m2\repository\org\seleniumhq\selenium\selenium-chrome-driver\4.20.0\selenium-chrome-driver-4.20.0.jar;C:\Users\meghana.pemma\.m2\repository\com\google\auto\service\auto-service-annotations\1.1.1\auto-service-annotations-1.1.1.jar;C:\Users\meghana.pemma\.m2\repository\org\seleniumhq\selenium\selenium-chromium-driver\4.20.0\selenium-chromium-driver-4.20.0.jar;C:\Users\meghana.pemma\.m2\repository\org\seleniumhq\selenium\selenium-json\4.20.0\selenium-json-4.20.0.jar;C:\Users\meghana.pemma\.m2\repository\org\seleniumhq\selenium\selenium-manager\4.20.0\selenium-manager-4.20.0.jar;C:\Users\meghana.pemma\.m2\repository\org\seleniumhq\selenium\selenium-firefox-driver\4.20.0\selenium-firefox-driver-4.20.0.jar;C:\Users\meghana.pemma\.m2\repository\org\seleniumhq\selenium\selenium-http\4.20.0\selenium-http-4.20.0.jar;C:\Users\meghana.pemma\.m2\repository\dev\failsafe\failsafe\3.3.2\failsafe-3.3.2.jar;C:\Users\meghana.pemma\.m2\repository\org\testng\testng\7.9.0\testng-7.9.0.jar;C:\Users\meghana.pemma\.m2\repository\com\beust\jcommander\1.82\jcommander-1.82.jar;C:\Users\meghana.pemma\.m2\repository\org\webjars\jquery\3.7.1\jquery-3.7.1.jar;C:\Users\meghana.pemma\.m2\repository\org\apache\tomcat\tomcat-util\11.0.0-M16\tomcat-util-11.0.0-M16.jar;C:\Users\meghana.pemma\.m2\repository\org\apache\tomcat\tomcat-juli\11.0.0-M16\tomcat-juli-11.0.0-M16.jar;C:\Users\meghana.pemma\.m2\repository\org\apache\maven\plugins\maven-surefire-plugin\3.2.5\maven-surefire-plugin-3.2.5.jar;C:\Users\meghana.pemma\.m2\repository\org\apache\maven\surefire\maven-surefire-common\3.2.5\maven-surefire-common-3.2.5.jar;C:\Users\meghana.pemma\.m2\repository\org\apache\maven\surefire\surefire-api\3.2.5\surefire-api-3.2.5.jar;C:\Users\meghana.pemma\.m2\repository\org\apache\maven\surefire\surefire-logger-api\3.2.5\surefire-logger-api-3.2.5.jar;C:\Users\meghana.pemma\.m2\repository\org\apache\maven\surefire\surefire-extensions-api\3.2.5\surefire-extensions-api-3.2.5.jar;C:\Users\meghana.pemma\.m2\repository\org\apache\maven\surefire\surefire-booter\3.2.5\surefire-booter-3.2.5.jar;C:\Users\meghana.pemma\.m2\repository\org\apache\maven\surefire\surefire-extensions-spi\3.2.5\surefire-extensions-spi-3.2.5.jar;C:\Users\meghana.pemma\.m2\repository\org\eclipse\aether\aether-util\1.0.0.v20140518\aether-util-1.0.0.v20140518.jar;C:\Users\meghana.pemma\.m2\repository\org\eclipse\aether\aether-api\1.0.0.v20140518\aether-api-1.0.0.v20140518.jar;C:\Users\meghana.pemma\.m2\repository\org\apache\maven\shared\maven-common-artifact-filters\3.1.1\maven-common-artifact-filters-3.1.1.jar;C:\Users\meghana.pemma\.m2\repository\org\apache\maven\maven-artifact\3.1.0\maven-artifact-3.1.0.jar;C:\Users\meghana.pemma\.m2\repository\org\codehaus\plexus\plexus-utils\3.0.10\plexus-utils-3.0.10.jar;C:\Users\meghana.pemma\.m2\repository\org\apache\maven\maven-core\3.1.0\maven-core-3.1.0.jar;C:\Users\meghana.pemma\.m2\repository\org\apache\maven\maven-settings\3.1.0\maven-settings-3.1.0.jar;C:\Users\meghana.pemma\.m2\repository\org\apache\maven\maven-settings-builder\3.1.0\maven-settings-builder-3.1.0.jar;C:\Users\meghana.pemma\.m2\repository\org\apache\maven\maven-repository-metadata\3.1.0\maven-repository-metadata-3.1.0.jar;C:\Users\meghana.pemma\.m2\repository\org\apache\maven\maven-model-builder\3.1.0\maven-model-builder-3.1.0.jar;C:\Users\meghana.pemma\.m2\repository\org\apache\maven\maven-aether-provider\3.1.0\maven-aether-provider-3.1.0.jar;C:\Users\meghana.pemma\.m2\repository\org\eclipse\aether\aether-spi\0.9.0.M2\aether-spi-0.9.0.M2.jar;C:\Users\meghana.pemma\.m2\repository\org\eclipse\aether\aether-impl\0.9.0.M2\aether-impl-0.9.0.M2.jar;C:\Users\meghana.pemma\.m2\repository\org\eclipse\sisu\org.eclipse.sisu.plexus\0.0.0.M2a\org.eclipse.sisu.plexus-0.0.0.M2a.jar;C:\Users\meghana.pemma\.m2\repository\javax\enterprise\cdi-api\1.0\cdi-api-1.0.jar;C:\Users\meghana.pemma\.m2\repository\javax\annotation\jsr250-api\1.0\jsr250-api-1.0.jar;C:\Users\meghana.pemma\.m2\repository\javax\inject\javax.inject\1\javax.inject-1.jar;C:\Users\meghana.pemma\.m2\repository\org\sonatype\sisu\sisu-guice\3.1.0\sisu-guice-3.1.0-no_aop.jar;C:\Users\meghana.pemma\.m2\repository\aopalliance\aopalliance\1.0\aopalliance-1.0.jar;C:\Users\meghana.pemma\.m2\repository\org\eclipse\sisu\org.eclipse.sisu.inject\0.0.0.M2a\org.eclipse.sisu.inject-0.0.0.M2a.jar;C:\Users\meghana.pemma\.m2\repository\asm\asm\3.3.1\asm-3.3.1.jar;C:\Users\meghana.pemma\.m2\repository\org\codehaus\plexus\plexus-interpolation\1.16\plexus-interpolation-1.16.jar;C:\Users\meghana.pemma\.m2\repository\org\codehaus\plexus\plexus-classworlds\2.4.2\plexus-classworlds-2.4.2.jar;C:\Users\meghana.pemma\.m2\repository\org\codehaus\plexus\plexus-component-annotations\1.5.5\plexus-component-annotations-1.5.5.jar;C:\Users\meghana.pemma\.m2\repository\org\sonatype\plexus\plexus-sec-dispatcher\1.3\plexus-sec-dispatcher-1.3.jar;C:\Users\meghana.pemma\.m2\repository\org\sonatype\plexus\plexus-cipher\1.4\plexus-cipher-1.4.jar;C:\Users\meghana.pemma\.m2\repository\org\apache\maven\maven-plugin-api\3.1.0\maven-plugin-api-3.1.0.jar;C:\Users\meghana.pemma\.m2\repository\commons-io\commons-io\2.6\commons-io-2.6.jar;C:\Users\meghana.pemma\.m2\repository\org\codehaus\plexus\plexus-java\1.2.0\plexus-java-1.2.0.jar;C:\Users\meghana.pemma\.m2\repository\org\ow2\asm\asm\9.6\asm-9.6.jar;C:\Users\meghana.pemma\.m2\repository\com\thoughtworks\qdox\qdox\2.0.3\qdox-2.0.3.jar;C:\Users\meghana.pemma\.m2\repository\org\apache\maven\surefire\surefire-shared-utils\3.2.5\surefire-shared-utils-3.2.5.jar;C:\Users\meghana.pemma\.m2\repository\ch\qos\logback\logback-classic\1.4.14\logback-classic-1.4.14.jar;C:\Users\meghana.pemma\.m2\repository\ch\qos\logback\logback-core\1.4.14\logback-core-1.4.14.jar;C:\Users\meghana.pemma\.m2\repository\tomcat\tomcat-util\5.5.23\tomcat-util-5.5.23.jar;C:\Users\meghana.pemma\.m2\repository\tomcat\tomcat-apr\5.5.23\tomcat-apr-5.5.23.jar;C:\Users\meghana.pemma\.m2\repository\commons-logging\commons-logging-api\1.0.4\commons-logging-api-1.0.4.jar;C:\Users\meghana.pemma\.m2\repository\org\apache\tomcat\tomcat-util-scan\11.0.0-M16\tomcat-util-scan-11.0.0-M16.jar;C:\Users\meghana.pemma\.m2\repository\org\apache\tomcat\tomcat-api\11.0.0-M16\tomcat-api-11.0.0-M16.jar;C:\Users\meghana.pemma\.m2\repository\org\apache\tomcat\tomcat-catalina\11.0.0-M16\tomcat-catalina-11.0.0-M16.jar;C:\Users\meghana.pemma\.m2\repository\org\apache\tomcat\tomcat-servlet-api\11.0.0-M16\tomcat-servlet-api-11.0.0-M16.jar;C:\Users\meghana.pemma\.m2\repository\org\apache\tomcat\tomcat-jsp-api\11.0.0-M16\tomcat-jsp-api-11.0.0-M16.jar;C:\Users\meghana.pemma\.m2\repository\org\apache\tomcat\tomcat-el-api\11.0.0-M16\tomcat-el-api-11.0.0-M16.jar;C:\Users\meghana.pemma\.m2\repository\org\apache\tomcat\tomcat-annotations-api\11.0.0-M16\tomcat-annotations-api-11.0.0-M16.jar;C:\Users\meghana.pemma\.m2\repository\org\apache\tomcat\tomcat-jni\11.0.0-M16\tomcat-jni-11.0.0-M16.jar;C:\Users\meghana.pemma\.m2\repository\org\apache\tomcat\tomcat-jaspic-api\11.0.0-M16\tomcat-jaspic-api-11.0.0-M16.jar;C:\Users\meghana.pemma\.m2\repository\org\apache\logging\log4j\log4j-core\2.22.1\log4j-core-2.22.1.jar;C:\Users\meghana.pemma\.m2\repository\org\apache\logging\log4j\log4j-api\2.22.1\log4j-api-2.22.1.jar;C:\Users\meghana.pemma\.m2\repository\org\apache\tomcat\embed\tomcat-embed-core\11.0.0-M16\tomcat-embed-core-11.0.0-M16.jar;C:\Users\meghana.pemma\.m2\repository\org\apache\tomcat\tomcat-jdbc\11.0.0-M16\tomcat-jdbc-11.0.0-M16.jar;C:\Users\meghana.pemma\.m2\repository\org\apache\tomcat\tomcat-coyote\11.0.0-M16\tomcat-coyote-11.0.0-M16.jar;C:\Users\meghana.pemma\.m2\repository\org\slf4j\slf4j-api\2.0.11\slf4j-api-2.0.11.jar;C:\Users\meghana.pemma\.m2\repository\io\github\bonigarcia\webdrivermanager\5.6.2\webdrivermanager-5.6.2.jar;C:\Users\meghana.pemma\.m2\repository\com\google\code\gson\gson\2.10.1\gson-2.10.1.jar;C:\Users\meghana.pemma\.m2\repository\com\github\docker-java\docker-java\3.3.4\docker-java-3.3.4.jar;C:\Users\meghana.pemma\.m2\repository\com\github\docker-java\docker-java-core\3.3.4\docker-java-core-3.3.4.jar;C:\Users\meghana.pemma\.m2\repository\com\github\docker-java\docker-java-api\3.3.4\docker-java-api-3.3.4.jar;C:\Users\meghana.pemma\.m2\repository\com\fasterxml\jackson\core\jackson-annotations\2.10.3\jackson-annotations-2.10.3.jar;C:\Users\meghana.pemma\.m2\repository\com\fasterxml\jackson\core\jackson-databind\2.10.3\jackson-databind-2.10.3.jar;C:\Users\meghana.pemma\.m2\repository\com\fasterxml\jackson\core\jackson-core\2.10.3\jackson-core-2.10.3.jar;C:\Users\meghana.pemma\.m2\repository\org\bouncycastle\bcpkix-jdk18on\1.76\bcpkix-jdk18on-1.76.jar;C:\Users\meghana.pemma\.m2\repository\org\bouncycastle\bcprov-jdk18on\1.76\bcprov-jdk18on-1.76.jar;C:\Users\meghana.pemma\.m2\repository\org\bouncycastle\bcutil-jdk18on\1.76\bcutil-jdk18on-1.76.jar;C:\Users\meghana.pemma\.m2\repository\org\slf4j\jcl-over-slf4j\1.7.30\jcl-over-slf4j-1.7.30.jar;C:\Users\meghana.pemma\.m2\repository\com\github\docker-java\docker-java-transport-httpclient5\3.3.4\docker-java-transport-httpclient5-3.3.4.jar;C:\Users\meghana.pemma\.m2\repository\com\github\docker-java\docker-java-transport\3.3.4\docker-java-transport-3.3.4.jar;C:\Users\meghana.pemma\.m2\repository\net\java\dev\jna\jna\5.13.0\jna-5.13.0.jar;C:\Users\meghana.pemma\.m2\repository\org\brotli\dec\0.1.2\dec-0.1.2.jar;C:\Users\meghana.pemma\.m2\repository\org\apache\commons\commons-lang3\3.13.0\commons-lang3-3.13.0.jar;C:\Users\meghana.pemma\.m2\repository\org\apache\commons\commons-compress\1.24.0\commons-compress-1.24.0.jar;C:\Users\meghana.pemma\.m2\repository\org\apache\httpcomponents\client5\httpclient5\5.2.1\httpclient5-5.2.1.jar;C:\Users\meghana.pemma\.m2\repository\org\apache\httpcomponents\core5\httpcore5\5.2\httpcore5-5.2.jar;C:\Users\meghana.pemma\.m2\repository\org\apache\httpcomponents\core5\httpcore5-h2\5.2\httpcore5-h2-5.2.jar;C:\Users\meghana.pemma\.m2\repository\com\mysql\mysql-connector-j\8.2.0\mysql-connector-j-8.2.0.jar;C:\Users\meghana.pemma\.m2\repository\com\google\protobuf\protobuf-java\3.21.9\protobuf-java-3.21.9.jar
Launcher Type: SUN_STANDARD

[Global flags]
     intx CICompilerCount                          = 4                                         {product} {ergonomic}
     uint ConcGCThreads                            = 3                                         {product} {ergonomic}
     uint G1ConcRefinementThreads                  = 10                                        {product} {ergonomic}
   size_t G1HeapRegionSize                         = 4194304                                   {product} {ergonomic}
    uintx GCDrainStackTargetSize                   = 64                                        {product} {ergonomic}
   size_t InitialHeapSize                          = 532676608                                 {product} {ergonomic}
   size_t MarkStackSize                            = 4194304                                   {product} {ergonomic}
   size_t MaxHeapSize                              = 8510242816                                {product} {ergonomic}
   size_t MinHeapDeltaBytes                        = 4194304                                   {product} {ergonomic}
   size_t MinHeapSize                              = 8388608                                   {product} {ergonomic}
    uintx NonNMethodCodeHeapSize                   = 5839372                                {pd product} {ergonomic}
    uintx NonProfiledCodeHeapSize                  = 122909434                              {pd product} {ergonomic}
    uintx ProfiledCodeHeapSize                     = 122909434                              {pd product} {ergonomic}
    uintx ReservedCodeCacheSize                    = 251658240                              {pd product} {ergonomic}
     bool SegmentedCodeCache                       = true                                      {product} {ergonomic}
     bool ShowCodeDetailsInExceptionMessages       = true                                   {manageable} {command line}
   size_t SoftMaxHeapSize                          = 8510242816                             {manageable} {ergonomic}
     bool UseCompressedOops                        = true                           {product lp64_product} {ergonomic}
     bool UseG1GC                                  = true                                      {product} {ergonomic}
     bool UseLargePagesIndividualAllocation        = false                                  {pd product} {ergonomic}

Logging:
Log output configuration:
 #0: stdout all=warning uptime,level,tags foldmultilines=false
 #1: stderr all=off uptime,level,tags foldmultilines=false

Environment Variables:
PATH=C:\Program Files\Common Files\Oracle\Java\javapath;C:\Python312\Scripts\;C:\Python312\;C:\Windows\system32;C:\Windows;C:\Windows\System32\Wbem;C:\Windows\System32\WindowsPowerShell\v1.0\;C:\Windows\System32\OpenSSH\;C:\Program Files\dotnet\;C:\Program Files\nodejs\;C:\ProgramData\chocolatey\bin;C:\Users\meghana.pemma\AppData\Local\Microsoft\WindowsApps;C:\Users\meghana.pemma\AppData\Local\Programs\Microsoft VS Code\bin;C:\Users\meghana.pemma\AppData\Roaming\npm;C:\Users\meghana.pemma\AppData\Local\Programs\Git\cmd
USERNAME=meghana.pemma
OS=Windows_NT
PROCESSOR_IDENTIFIER=Intel64 Family 6 Model 186 Stepping 3, GenuineIntel
TMP=C:\Users\MEGHAN~1.PEM\AppData\Local\Temp
TEMP=C:\Users\MEGHAN~1.PEM\AppData\Local\Temp




Periodic native trim disabled

---------------  S Y S T E M  ---------------

OS:
 Windows 11 , 64 bit Build 22621 (10.0.22621.2361)
OS uptime: 1 days 2:16 hours
Hyper-V role detected

CPU: total 12 (initial active 12) (6 cores per cpu, 2 threads per core) family 6 model 186 stepping 3 microcode 0x4114, cx8, cmov, fxsr, ht, mmx, 3dnowpref, sse, sse2, sse3, ssse3, sse4.1, sse4.2, popcnt, lzcnt, tsc, tscinvbit, avx, avx2, aes, erms, clmul, bmi1, bmi2, adx, sha, fma, vzeroupper, clflush, clflushopt, clwb, hv, serialize, rdtscp, rdpid, fsrm, f16c, cet_ibt, cet_ss
Processor Information for processor 0
  Max Mhz: 1700, Current Mhz: 1700, Mhz Limit: 1700
Processor Information for processor 1
  Max Mhz: 1700, Current Mhz: 1700, Mhz Limit: 1700
Processor Information for processor 2
  Max Mhz: 1700, Current Mhz: 1700, Mhz Limit: 1700
Processor Information for processor 3
  Max Mhz: 1700, Current Mhz: 1700, Mhz Limit: 1700
Processor Information for processor 4
  Max Mhz: 1700, Current Mhz: 1200, Mhz Limit: 1190
Processor Information for processor 5
  Max Mhz: 1700, Current Mhz: 1200, Mhz Limit: 1190
Processor Information for processor 6
  Max Mhz: 1700, Current Mhz: 1200, Mhz Limit: 1190
Processor Information for processor 7
  Max Mhz: 1700, Current Mhz: 1200, Mhz Limit: 1190
Processor Information for processor 8
  Max Mhz: 1700, Current Mhz: 1200, Mhz Limit: 1190
Processor Information for processor 9
  Max Mhz: 1700, Current Mhz: 1200, Mhz Limit: 1190
Processor Information for processor 10
  Max Mhz: 1700, Current Mhz: 1200, Mhz Limit: 1190
Processor Information for processor 11
  Max Mhz: 1700, Current Mhz: 1200, Mhz Limit: 1190

Memory: 4k page, system-wide physical 32452M (358M free)
TotalPageFile size 93394M (AvailPageFile size 315M)
current process WorkingSet (physical memory assigned to process): 11M, peak: 11M
current process commit charge ("private bytes"): 65M, peak: 572M

vm_info: Java HotSpot(TM) 64-Bit Server VM (21.0.1+12-LTS-29) for windows-amd64 JRE (21.0.1+12-LTS-29), built on 2023-10-05T13:27:09Z by "mach5one" with MS VC++ 17.1 (VS2022)

END.
